{"C:\\Users\\User\\OneDrive\\Bureau\\TFE\\server\\src\\controllers\\auth.controller.ts": {"path":"C:\\Users\\User\\OneDrive\\Bureau\\TFE\\server\\src\\controllers\\auth.controller.ts","statementMap":{"0":{"start":{"line":3,"column":0},"end":{"line":3,"column":30}},"1":{"start":{"line":4,"column":0},"end":{"line":4,"column":31}},"2":{"start":{"line":5,"column":0},"end":{"line":5,"column":40}},"3":{"start":{"line":7,"column":19},"end":{"line":7,"column":51}},"4":{"start":{"line":9,"column":24},"end":{"line":40,"column":2}},"5":{"start":{"line":9,"column":62},"end":{"line":40,"column":2}},"6":{"start":{"line":10,"column":2},"end":{"line":39,"column":3}},"7":{"start":{"line":11,"column":42},"end":{"line":11,"column":null}},"8":{"start":{"line":15,"column":23},"end":{"line":15,"column":42}},"9":{"start":{"line":17,"column":24},"end":{"line":17,"column":65}},"10":{"start":{"line":18,"column":4},"end":{"line":18,"column":84}},"11":{"start":{"line":18,"column":21},"end":{"line":18,"column":84}},"12":{"start":{"line":20,"column":27},"end":{"line":20,"column":59}},"13":{"start":{"line":21,"column":4},"end":{"line":21,"column":85}},"14":{"start":{"line":21,"column":24},"end":{"line":21,"column":85}},"15":{"start":{"line":23,"column":17},"end":{"line":23,"column":48}},"16":{"start":{"line":25,"column":17},"end":{"line":30,"column":6}},"17":{"start":{"line":32,"column":4},"end":{"line":35,"column":7}},"18":{"start":{"line":37,"column":4},"end":{"line":37,"column":42}},"19":{"start":{"line":38,"column":4},"end":{"line":38,"column":63}},"20":{"start":{"line":9,"column":13},"end":{"line":9,"column":24}},"21":{"start":{"line":42,"column":21},"end":{"line":63,"column":2}},"22":{"start":{"line":42,"column":59},"end":{"line":63,"column":2}},"23":{"start":{"line":43,"column":2},"end":{"line":62,"column":3}},"24":{"start":{"line":44,"column":32},"end":{"line":44,"column":79}},"25":{"start":{"line":46,"column":17},"end":{"line":46,"column":87}},"26":{"start":{"line":47,"column":4},"end":{"line":47,"column":82}},"27":{"start":{"line":47,"column":15},"end":{"line":47,"column":82}},"28":{"start":{"line":49,"column":4},"end":{"line":51,"column":5}},"29":{"start":{"line":50,"column":6},"end":{"line":50,"column":81}},"30":{"start":{"line":53,"column":15},"end":{"line":53,"column":70}},"31":{"start":{"line":54,"column":4},"end":{"line":54,"column":80}},"32":{"start":{"line":54,"column":13},"end":{"line":54,"column":80}},"33":{"start":{"line":56,"column":18},"end":{"line":56,"column":77}},"34":{"start":{"line":58,"column":4},"end":{"line":58,"column":52}},"35":{"start":{"line":60,"column":4},"end":{"line":60,"column":39}},"36":{"start":{"line":61,"column":4},"end":{"line":61,"column":63}},"37":{"start":{"line":42,"column":13},"end":{"line":42,"column":21}}},"fnMap":{"0":{"name":"(anonymous_8)","decl":{"start":{"line":9,"column":24},"end":{"line":9,"column":31}},"loc":{"start":{"line":9,"column":62},"end":{"line":40,"column":2}}},"1":{"name":"(anonymous_9)","decl":{"start":{"line":9,"column":62},"end":{"line":9,"column":null}},"loc":{"start":{"line":9,"column":62},"end":{"line":40,"column":1}}},"2":{"name":"(anonymous_10)","decl":{"start":{"line":42,"column":21},"end":{"line":42,"column":28}},"loc":{"start":{"line":42,"column":59},"end":{"line":63,"column":2}}},"3":{"name":"(anonymous_11)","decl":{"start":{"line":42,"column":59},"end":{"line":42,"column":null}},"loc":{"start":{"line":42,"column":59},"end":{"line":63,"column":1}}}},"branchMap":{"0":{"loc":{"start":{"line":18,"column":4},"end":{"line":18,"column":84}},"type":"if","locations":[{"start":{"line":18,"column":4},"end":{"line":18,"column":84}},{"start":{},"end":{}}]},"1":{"loc":{"start":{"line":21,"column":4},"end":{"line":21,"column":85}},"type":"if","locations":[{"start":{"line":21,"column":4},"end":{"line":21,"column":85}},{"start":{},"end":{}}]},"2":{"loc":{"start":{"line":47,"column":4},"end":{"line":47,"column":82}},"type":"if","locations":[{"start":{"line":47,"column":4},"end":{"line":47,"column":82}},{"start":{},"end":{}}]},"3":{"loc":{"start":{"line":49,"column":4},"end":{"line":51,"column":5}},"type":"if","locations":[{"start":{"line":49,"column":4},"end":{"line":51,"column":5}},{"start":{},"end":{}}]},"4":{"loc":{"start":{"line":54,"column":4},"end":{"line":54,"column":80}},"type":"if","locations":[{"start":{"line":54,"column":4},"end":{"line":54,"column":80}},{"start":{},"end":{}}]}},"s":{"0":2,"1":2,"2":2,"3":2,"4":2,"5":4,"6":4,"7":4,"8":4,"9":4,"10":4,"11":1,"12":3,"13":3,"14":0,"15":3,"16":3,"17":3,"18":0,"19":0,"20":2,"21":2,"22":5,"23":5,"24":5,"25":5,"26":5,"27":1,"28":4,"29":0,"30":4,"31":4,"32":1,"33":3,"34":3,"35":0,"36":0,"37":2},"f":{"0":4,"1":4,"2":5,"3":5},"b":{"0":[1,3],"1":[0,3],"2":[1,4],"3":[0,4],"4":[1,3]}}
,"C:\\Users\\User\\OneDrive\\Bureau\\TFE\\server\\src\\controllers\\riot.controller.ts": {"path":"C:\\Users\\User\\OneDrive\\Bureau\\TFE\\server\\src\\controllers\\riot.controller.ts","statementMap":{"0":{"start":{"line":3,"column":0},"end":{"line":3,"column":26}},"1":{"start":{"line":5,"column":15},"end":{"line":5,"column":39}},"2":{"start":{"line":6,"column":0},"end":{"line":9,"column":1}},"3":{"start":{"line":7,"column":2},"end":{"line":7,"column":43}},"4":{"start":{"line":8,"column":2},"end":{"line":8,"column":18}},"5":{"start":{"line":16,"column":29},"end":{"line":16,"column":47}},"6":{"start":{"line":18,"column":35},"end":{"line":22,"column":2}},"7":{"start":{"line":25,"column":14},"end":{"line":25,"column":24}},"8":{"start":{"line":26,"column":2},"end":{"line":28,"column":3}},"9":{"start":{"line":27,"column":4},"end":{"line":27,"column":32}},"10":{"start":{"line":29,"column":22},"end":{"line":29,"column":94}},"11":{"start":{"line":30,"column":32},"end":{"line":30,"column":51}},"12":{"start":{"line":31,"column":2},"end":{"line":31,"column":39}},"13":{"start":{"line":32,"column":2},"end":{"line":32,"column":31}},"14":{"start":{"line":33,"column":2},"end":{"line":33,"column":23}},"15":{"start":{"line":37,"column":14},"end":{"line":37,"column":24}},"16":{"start":{"line":38,"column":21},"end":{"line":38,"column":74}},"17":{"start":{"line":40,"column":2},"end":{"line":42,"column":3}},"18":{"start":{"line":41,"column":4},"end":{"line":41,"column":41}},"19":{"start":{"line":44,"column":18},"end":{"line":44,"column":49}},"20":{"start":{"line":45,"column":19},"end":{"line":46,"column":null}},"21":{"start":{"line":49,"column":15},"end":{"line":49,"column":33}},"22":{"start":{"line":50,"column":38},"end":{"line":50,"column":40}},"23":{"start":{"line":51,"column":2},"end":{"line":54,"column":3}},"24":{"start":{"line":52,"column":18},"end":{"line":52,"column":33}},"25":{"start":{"line":53,"column":4},"end":{"line":53,"column":45}},"26":{"start":{"line":56,"column":2},"end":{"line":56,"column":38}},"27":{"start":{"line":57,"column":2},"end":{"line":57,"column":13}},"28":{"start":{"line":60,"column":39},"end":{"line":67,"column":2}},"29":{"start":{"line":60,"column":78},"end":{"line":67,"column":2}},"30":{"start":{"line":61,"column":2},"end":{"line":66,"column":3}},"31":{"start":{"line":62,"column":20},"end":{"line":62,"column":51}},"32":{"start":{"line":63,"column":4},"end":{"line":63,"column":26}},"33":{"start":{"line":65,"column":4},"end":{"line":65,"column":77}},"34":{"start":{"line":60,"column":13},"end":{"line":60,"column":39}},"35":{"start":{"line":69,"column":29},"end":{"line":166,"column":2}},"36":{"start":{"line":69,"column":67},"end":{"line":166,"column":2}},"37":{"start":{"line":70,"column":2},"end":{"line":165,"column":3}},"38":{"start":{"line":71,"column":23},"end":{"line":71,"column":33}},"39":{"start":{"line":72,"column":4},"end":{"line":74,"column":5}},"40":{"start":{"line":73,"column":6},"end":{"line":73,"column":97}},"41":{"start":{"line":76,"column":32},"end":{"line":76,"column":49}},"42":{"start":{"line":77,"column":23},"end":{"line":77,"column":31}},"43":{"start":{"line":78,"column":21},"end":{"line":78,"column":27}},"44":{"start":{"line":79,"column":24},"end":{"line":79,"column":32}},"45":{"start":{"line":81,"column":23},"end":{"line":83,"column":null}},"46":{"start":{"line":85,"column":68},"end":{"line":85,"column":83}},"47":{"start":{"line":87,"column":33},"end":{"line":87,"column":42}},"48":{"start":{"line":88,"column":36},"end":{"line":88,"column":40}},"49":{"start":{"line":89,"column":4},"end":{"line":97,"column":5}},"50":{"start":{"line":90,"column":26},"end":{"line":92,"column":null}},"51":{"start":{"line":94,"column":6},"end":{"line":94,"column":59}},"52":{"start":{"line":95,"column":6},"end":{"line":95,"column":48}},"53":{"start":{"line":99,"column":26},"end":{"line":99,"column":122}},"54":{"start":{"line":100,"column":26},"end":{"line":100,"column":97}},"55":{"start":{"line":101,"column":18},"end":{"line":101,"column":100}},"56":{"start":{"line":101,"column":64},"end":{"line":101,"column":91}},"57":{"start":{"line":103,"column":25},"end":{"line":108,"column":null}},"58":{"start":{"line":110,"column":31},"end":{"line":110,"column":48}},"59":{"start":{"line":112,"column":24},"end":{"line":140,"column":null}},"60":{"start":{"line":113,"column":32},"end":{"line":140,"column":8}},"61":{"start":{"line":114,"column":25},"end":{"line":116,"column":null}},"62":{"start":{"line":118,"column":25},"end":{"line":118,"column":38}},"63":{"start":{"line":119,"column":23},"end":{"line":119,"column":76}},"64":{"start":{"line":119,"column":58},"end":{"line":119,"column":75}},"65":{"start":{"line":121,"column":8},"end":{"line":139,"column":10}},"66":{"start":{"line":143,"column":17},"end":{"line":152,"column":12}},"67":{"start":{"line":154,"column":4},"end":{"line":161,"column":7}},"68":{"start":{"line":163,"column":4},"end":{"line":163,"column":75}},"69":{"start":{"line":164,"column":4},"end":{"line":164,"column":106}},"70":{"start":{"line":69,"column":13},"end":{"line":69,"column":29}},"71":{"start":{"line":168,"column":36},"end":{"line":192,"column":2}},"72":{"start":{"line":168,"column":74},"end":{"line":192,"column":2}},"73":{"start":{"line":169,"column":2},"end":{"line":191,"column":3}},"74":{"start":{"line":170,"column":22},"end":{"line":170,"column":32}},"75":{"start":{"line":171,"column":21},"end":{"line":171,"column":27}},"76":{"start":{"line":173,"column":23},"end":{"line":175,"column":null}},"77":{"start":{"line":178,"column":18},"end":{"line":178,"column":42}},"78":{"start":{"line":180,"column":25},"end":{"line":185,"column":7}},"79":{"start":{"line":180,"column":70},"end":{"line":185,"column":6}},"80":{"start":{"line":187,"column":4},"end":{"line":187,"column":27}},"81":{"start":{"line":189,"column":4},"end":{"line":189,"column":75}},"82":{"start":{"line":190,"column":4},"end":{"line":190,"column":123}},"83":{"start":{"line":168,"column":13},"end":{"line":168,"column":36}}},"fnMap":{"0":{"name":"getLatestDDragonVersion","decl":{"start":{"line":24,"column":15},"end":{"line":24,"column":38}},"loc":{"start":{"line":24,"column":38},"end":{"line":34,"column":null}}},"1":{"name":"getChampionIdMap","decl":{"start":{"line":36,"column":15},"end":{"line":36,"column":31}},"loc":{"start":{"line":36,"column":31},"end":{"line":58,"column":null}}},"2":{"name":"(anonymous_12)","decl":{"start":{"line":60,"column":39},"end":{"line":60,"column":46}},"loc":{"start":{"line":60,"column":78},"end":{"line":67,"column":2}}},"3":{"name":"(anonymous_13)","decl":{"start":{"line":60,"column":78},"end":{"line":60,"column":null}},"loc":{"start":{"line":60,"column":78},"end":{"line":67,"column":1}}},"4":{"name":"(anonymous_14)","decl":{"start":{"line":69,"column":29},"end":{"line":69,"column":36}},"loc":{"start":{"line":69,"column":67},"end":{"line":166,"column":2}}},"5":{"name":"(anonymous_15)","decl":{"start":{"line":69,"column":67},"end":{"line":69,"column":null}},"loc":{"start":{"line":69,"column":67},"end":{"line":166,"column":1}}},"6":{"name":"(anonymous_16)","decl":{"start":{"line":101,"column":52},"end":{"line":101,"column":53}},"loc":{"start":{"line":101,"column":64},"end":{"line":101,"column":91}}},"7":{"name":"(anonymous_17)","decl":{"start":{"line":113,"column":19},"end":{"line":113,"column":26}},"loc":{"start":{"line":113,"column":32},"end":{"line":140,"column":8}}},"8":{"name":"(anonymous_18)","decl":{"start":{"line":113,"column":32},"end":{"line":113,"column":null}},"loc":{"start":{"line":113,"column":32},"end":{"line":140,"column":7}}},"9":{"name":"(anonymous_19)","decl":{"start":{"line":119,"column":46},"end":{"line":119,"column":47}},"loc":{"start":{"line":119,"column":58},"end":{"line":119,"column":75}}},"10":{"name":"(anonymous_20)","decl":{"start":{"line":168,"column":36},"end":{"line":168,"column":43}},"loc":{"start":{"line":168,"column":74},"end":{"line":192,"column":2}}},"11":{"name":"(anonymous_21)","decl":{"start":{"line":168,"column":74},"end":{"line":168,"column":null}},"loc":{"start":{"line":168,"column":74},"end":{"line":192,"column":1}}},"12":{"name":"(anonymous_22)","decl":{"start":{"line":180,"column":57},"end":{"line":180,"column":58}},"loc":{"start":{"line":180,"column":70},"end":{"line":185,"column":6}}}},"branchMap":{"0":{"loc":{"start":{"line":6,"column":0},"end":{"line":9,"column":1}},"type":"if","locations":[{"start":{"line":6,"column":0},"end":{"line":9,"column":1}},{"start":{},"end":{}}]},"1":{"loc":{"start":{"line":26,"column":2},"end":{"line":28,"column":3}},"type":"if","locations":[{"start":{"line":26,"column":2},"end":{"line":28,"column":3}},{"start":{},"end":{}}]},"2":{"loc":{"start":{"line":26,"column":6},"end":{"line":26,"column":83}},"type":"binary-expr","locations":[{"start":{"line":26,"column":6},"end":{"line":26,"column":26}},{"start":{"line":26,"column":30},"end":{"line":26,"column":83}}]},"3":{"loc":{"start":{"line":40,"column":2},"end":{"line":42,"column":3}},"type":"if","locations":[{"start":{"line":40,"column":2},"end":{"line":42,"column":3}},{"start":{},"end":{}}]},"4":{"loc":{"start":{"line":40,"column":6},"end":{"line":40,"column":97}},"type":"binary-expr","locations":[{"start":{"line":40,"column":6},"end":{"line":40,"column":16}},{"start":{"line":40,"column":20},"end":{"line":40,"column":40}},{"start":{"line":40,"column":44},"end":{"line":40,"column":97}}]},"5":{"loc":{"start":{"line":72,"column":4},"end":{"line":74,"column":5}},"type":"if","locations":[{"start":{"line":72,"column":4},"end":{"line":74,"column":5}},{"start":{},"end":{}}]},"6":{"loc":{"start":{"line":94,"column":14},"end":{"line":94,"column":58}},"type":"cond-expr","locations":[{"start":{"line":94,"column":45},"end":{"line":94,"column":49}},{"start":{"line":94,"column":49},"end":{"line":94,"column":58}}]},"7":{"loc":{"start":{"line":94,"column":14},"end":{"line":94,"column":49}},"type":"binary-expr","locations":[{"start":{"line":94,"column":14},"end":{"line":94,"column":49}},{"start":{"line":94,"column":45},"end":{"line":94,"column":49}}]},"8":{"loc":{"start":{"line":94,"column":14},"end":{"line":94,"column":45}},"type":"cond-expr","locations":[{"start":{"line":94,"column":30},"end":{"line":94,"column":32}},{"start":{"line":94,"column":30},"end":{"line":94,"column":45}}]},"9":{"loc":{"start":{"line":94,"column":14},"end":{"line":94,"column":32}},"type":"binary-expr","locations":[{"start":{"line":94,"column":14},"end":{"line":94,"column":32}},{"start":{"line":94,"column":30},"end":{"line":94,"column":32}}]},"10":{"loc":{"start":{"line":95,"column":19},"end":{"line":95,"column":47}},"type":"cond-expr","locations":[{"start":{"line":95,"column":39},"end":{"line":95,"column":43}},{"start":{"line":95,"column":43},"end":{"line":95,"column":47}}]},"11":{"loc":{"start":{"line":95,"column":19},"end":{"line":95,"column":43}},"type":"binary-expr","locations":[{"start":{"line":95,"column":19},"end":{"line":95,"column":43}},{"start":{"line":95,"column":39},"end":{"line":95,"column":43}}]},"12":{"loc":{"start":{"line":95,"column":19},"end":{"line":95,"column":39}},"type":"cond-expr","locations":[{"start":{"line":95,"column":35},"end":{"line":95,"column":37}},{"start":{"line":95,"column":35},"end":{"line":95,"column":39}}]},"13":{"loc":{"start":{"line":95,"column":19},"end":{"line":95,"column":37}},"type":"binary-expr","locations":[{"start":{"line":95,"column":19},"end":{"line":95,"column":37}},{"start":{"line":95,"column":35},"end":{"line":95,"column":37}}]},"14":{"loc":{"start":{"line":101,"column":18},"end":{"line":101,"column":100}},"type":"binary-expr","locations":[{"start":{"line":101,"column":18},"end":{"line":101,"column":92}},{"start":{"line":101,"column":96},"end":{"line":101,"column":100}}]},"15":{"loc":{"start":{"line":101,"column":18},"end":{"line":101,"column":92}},"type":"cond-expr","locations":[{"start":{"line":101,"column":45},"end":{"line":101,"column":47}},{"start":{"line":101,"column":45},"end":{"line":101,"column":92}}]},"16":{"loc":{"start":{"line":101,"column":18},"end":{"line":101,"column":47}},"type":"binary-expr","locations":[{"start":{"line":101,"column":18},"end":{"line":101,"column":47}},{"start":{"line":101,"column":45},"end":{"line":101,"column":47}}]},"17":{"loc":{"start":{"line":101,"column":18},"end":{"line":101,"column":45}},"type":"cond-expr","locations":[{"start":{"line":101,"column":36},"end":{"line":101,"column":38}},{"start":{"line":101,"column":36},"end":{"line":101,"column":45}}]},"18":{"loc":{"start":{"line":101,"column":18},"end":{"line":101,"column":38}},"type":"binary-expr","locations":[{"start":{"line":101,"column":18},"end":{"line":101,"column":38}},{"start":{"line":101,"column":36},"end":{"line":101,"column":38}}]},"19":{"loc":{"start":{"line":123,"column":24},"end":{"line":123,"column":44}},"type":"cond-expr","locations":[{"start":{"line":123,"column":30},"end":{"line":123,"column":32}},{"start":{"line":123,"column":24},"end":{"line":123,"column":44}}]},"20":{"loc":{"start":{"line":123,"column":24},"end":{"line":123,"column":32}},"type":"binary-expr","locations":[{"start":{"line":123,"column":24},"end":{"line":123,"column":32}},{"start":{"line":123,"column":24},"end":{"line":123,"column":32}}]},"21":{"loc":{"start":{"line":124,"column":16},"end":{"line":124,"column":null}},"type":"binary-expr","locations":[{"start":{"line":124,"column":16},"end":{"line":124,"column":36}},{"start":{"line":124,"column":40},"end":{"line":124,"column":52}}]},"22":{"loc":{"start":{"line":124,"column":16},"end":{"line":124,"column":36}},"type":"cond-expr","locations":[{"start":{"line":124,"column":22},"end":{"line":124,"column":24}},{"start":{"line":124,"column":16},"end":{"line":124,"column":36}}]},"23":{"loc":{"start":{"line":124,"column":16},"end":{"line":124,"column":24}},"type":"binary-expr","locations":[{"start":{"line":124,"column":16},"end":{"line":124,"column":24}},{"start":{"line":124,"column":16},"end":{"line":124,"column":24}}]},"24":{"loc":{"start":{"line":124,"column":40},"end":{"line":124,"column":52}},"type":"cond-expr","locations":[{"start":{"line":124,"column":46},"end":{"line":124,"column":48}},{"start":{"line":124,"column":40},"end":{"line":124,"column":52}}]},"25":{"loc":{"start":{"line":124,"column":40},"end":{"line":124,"column":48}},"type":"binary-expr","locations":[{"start":{"line":124,"column":40},"end":{"line":124,"column":48}},{"start":{"line":124,"column":40},"end":{"line":124,"column":48}}]},"26":{"loc":{"start":{"line":125,"column":15},"end":{"line":125,"column":26}},"type":"cond-expr","locations":[{"start":{"line":125,"column":21},"end":{"line":125,"column":23}},{"start":{"line":125,"column":15},"end":{"line":125,"column":26}}]},"27":{"loc":{"start":{"line":125,"column":15},"end":{"line":125,"column":23}},"type":"binary-expr","locations":[{"start":{"line":125,"column":15},"end":{"line":125,"column":23}},{"start":{"line":125,"column":15},"end":{"line":125,"column":23}}]},"28":{"loc":{"start":{"line":127,"column":19},"end":{"line":127,"column":32}},"type":"cond-expr","locations":[{"start":{"line":127,"column":25},"end":{"line":127,"column":27}},{"start":{"line":127,"column":19},"end":{"line":127,"column":32}}]},"29":{"loc":{"start":{"line":127,"column":19},"end":{"line":127,"column":27}},"type":"binary-expr","locations":[{"start":{"line":127,"column":19},"end":{"line":127,"column":27}},{"start":{"line":127,"column":19},"end":{"line":127,"column":27}}]},"30":{"loc":{"start":{"line":128,"column":20},"end":{"line":128,"column":34}},"type":"cond-expr","locations":[{"start":{"line":128,"column":26},"end":{"line":128,"column":28}},{"start":{"line":128,"column":20},"end":{"line":128,"column":34}}]},"31":{"loc":{"start":{"line":128,"column":20},"end":{"line":128,"column":28}},"type":"binary-expr","locations":[{"start":{"line":128,"column":20},"end":{"line":128,"column":28}},{"start":{"line":128,"column":20},"end":{"line":128,"column":28}}]},"32":{"loc":{"start":{"line":129,"column":21},"end":{"line":129,"column":36}},"type":"cond-expr","locations":[{"start":{"line":129,"column":27},"end":{"line":129,"column":29}},{"start":{"line":129,"column":21},"end":{"line":129,"column":36}}]},"33":{"loc":{"start":{"line":129,"column":21},"end":{"line":129,"column":29}},"type":"binary-expr","locations":[{"start":{"line":129,"column":21},"end":{"line":129,"column":29}},{"start":{"line":129,"column":21},"end":{"line":129,"column":29}}]},"34":{"loc":{"start":{"line":131,"column":17},"end":{"line":131,"column":48}},"type":"binary-expr","locations":[{"start":{"line":131,"column":17},"end":{"line":131,"column":43}},{"start":{"line":131,"column":47},"end":{"line":131,"column":48}}]},"35":{"loc":{"start":{"line":131,"column":17},"end":{"line":131,"column":43}},"type":"cond-expr","locations":[{"start":{"line":131,"column":23},"end":{"line":131,"column":25}},{"start":{"line":131,"column":17},"end":{"line":131,"column":43}}]},"36":{"loc":{"start":{"line":131,"column":17},"end":{"line":131,"column":25}},"type":"binary-expr","locations":[{"start":{"line":131,"column":17},"end":{"line":131,"column":25}},{"start":{"line":131,"column":17},"end":{"line":131,"column":25}}]},"37":{"loc":{"start":{"line":131,"column":53},"end":{"line":131,"column":86}},"type":"binary-expr","locations":[{"start":{"line":131,"column":53},"end":{"line":131,"column":81}},{"start":{"line":131,"column":85},"end":{"line":131,"column":86}}]},"38":{"loc":{"start":{"line":131,"column":53},"end":{"line":131,"column":81}},"type":"cond-expr","locations":[{"start":{"line":131,"column":59},"end":{"line":131,"column":61}},{"start":{"line":131,"column":53},"end":{"line":131,"column":81}}]},"39":{"loc":{"start":{"line":131,"column":53},"end":{"line":131,"column":61}},"type":"binary-expr","locations":[{"start":{"line":131,"column":53},"end":{"line":131,"column":61}},{"start":{"line":131,"column":53},"end":{"line":131,"column":61}}]},"40":{"loc":{"start":{"line":132,"column":35},"end":{"line":132,"column":57}},"type":"cond-expr","locations":[{"start":{"line":132,"column":52},"end":{"line":132,"column":56}},{"start":{"line":132,"column":56},"end":{"line":132,"column":57}}]},"41":{"loc":{"start":{"line":132,"column":35},"end":{"line":132,"column":56}},"type":"binary-expr","locations":[{"start":{"line":132,"column":35},"end":{"line":132,"column":56}},{"start":{"line":132,"column":52},"end":{"line":132,"column":56}}]},"42":{"loc":{"start":{"line":133,"column":22},"end":{"line":133,"column":40}},"type":"cond-expr","locations":[{"start":{"line":133,"column":28},"end":{"line":133,"column":30}},{"start":{"line":133,"column":22},"end":{"line":133,"column":40}}]},"43":{"loc":{"start":{"line":133,"column":22},"end":{"line":133,"column":30}},"type":"binary-expr","locations":[{"start":{"line":133,"column":22},"end":{"line":133,"column":30}},{"start":{"line":133,"column":22},"end":{"line":133,"column":30}}]},"44":{"loc":{"start":{"line":134,"column":23},"end":{"line":134,"column":58}},"type":"cond-expr","locations":[{"start":{"line":134,"column":29},"end":{"line":134,"column":31}},{"start":{"line":134,"column":23},"end":{"line":134,"column":58}}]},"45":{"loc":{"start":{"line":134,"column":23},"end":{"line":134,"column":31}},"type":"binary-expr","locations":[{"start":{"line":134,"column":23},"end":{"line":134,"column":31}},{"start":{"line":134,"column":23},"end":{"line":134,"column":31}}]},"46":{"loc":{"start":{"line":135,"column":23},"end":{"line":135,"column":42}},"type":"cond-expr","locations":[{"start":{"line":135,"column":29},"end":{"line":135,"column":31}},{"start":{"line":135,"column":23},"end":{"line":135,"column":42}}]},"47":{"loc":{"start":{"line":135,"column":23},"end":{"line":135,"column":31}},"type":"binary-expr","locations":[{"start":{"line":135,"column":23},"end":{"line":135,"column":31}},{"start":{"line":135,"column":23},"end":{"line":135,"column":31}}]},"48":{"loc":{"start":{"line":138,"column":21},"end":{"line":138,"column":110}},"type":"cond-expr","locations":[{"start":{"line":138,"column":50},"end":{"line":138,"column":101}},{"start":{"line":138,"column":105},"end":{"line":138,"column":110}}]},"49":{"loc":{"start":{"line":138,"column":50},"end":{"line":138,"column":101}},"type":"cond-expr","locations":[{"start":{"line":138,"column":83},"end":{"line":138,"column":90}},{"start":{"line":138,"column":93},"end":{"line":138,"column":101}}]},"50":{"loc":{"start":{"line":143,"column":17},"end":{"line":152,"column":12}},"type":"cond-expr","locations":[{"start":{"line":144,"column":8},"end":{"line":151,"column":null}},{"start":{"line":152,"column":8},"end":{"line":152,"column":12}}]},"51":{"loc":{"start":{"line":146,"column":16},"end":{"line":146,"column":33}},"type":"cond-expr","locations":[{"start":{"line":146,"column":26},"end":{"line":146,"column":30}},{"start":{"line":146,"column":30},"end":{"line":146,"column":33}}]},"52":{"loc":{"start":{"line":146,"column":16},"end":{"line":146,"column":30}},"type":"binary-expr","locations":[{"start":{"line":146,"column":16},"end":{"line":146,"column":30}},{"start":{"line":146,"column":26},"end":{"line":146,"column":30}}]},"53":{"loc":{"start":{"line":159,"column":17},"end":{"line":159,"column":39}},"type":"binary-expr","locations":[{"start":{"line":159,"column":17},"end":{"line":159,"column":31}},{"start":{"line":159,"column":35},"end":{"line":159,"column":39}}]},"54":{"loc":{"start":{"line":163,"column":40},"end":{"line":163,"column":73}},"type":"binary-expr","locations":[{"start":{"line":163,"column":40},"end":{"line":163,"column":58}},{"start":{"line":163,"column":62},"end":{"line":163,"column":73}}]},"55":{"loc":{"start":{"line":163,"column":40},"end":{"line":163,"column":58}},"type":"cond-expr","locations":[{"start":{"line":163,"column":52},"end":{"line":163,"column":54}},{"start":{"line":163,"column":52},"end":{"line":163,"column":58}}]},"56":{"loc":{"start":{"line":163,"column":40},"end":{"line":163,"column":54}},"type":"binary-expr","locations":[{"start":{"line":163,"column":40},"end":{"line":163,"column":54}},{"start":{"line":163,"column":52},"end":{"line":163,"column":54}}]},"57":{"loc":{"start":{"line":164,"column":69},"end":{"line":164,"column":102}},"type":"binary-expr","locations":[{"start":{"line":164,"column":69},"end":{"line":164,"column":87}},{"start":{"line":164,"column":91},"end":{"line":164,"column":102}}]},"58":{"loc":{"start":{"line":164,"column":69},"end":{"line":164,"column":87}},"type":"cond-expr","locations":[{"start":{"line":164,"column":81},"end":{"line":164,"column":83}},{"start":{"line":164,"column":81},"end":{"line":164,"column":87}}]},"59":{"loc":{"start":{"line":164,"column":69},"end":{"line":164,"column":83}},"type":"binary-expr","locations":[{"start":{"line":164,"column":69},"end":{"line":164,"column":83}},{"start":{"line":164,"column":81},"end":{"line":164,"column":83}}]},"60":{"loc":{"start":{"line":182,"column":20},"end":{"line":182,"column":69}},"type":"binary-expr","locations":[{"start":{"line":182,"column":20},"end":{"line":182,"column":39}},{"start":{"line":182,"column":43},"end":{"line":182,"column":69}}]},"61":{"loc":{"start":{"line":189,"column":40},"end":{"line":189,"column":73}},"type":"binary-expr","locations":[{"start":{"line":189,"column":40},"end":{"line":189,"column":58}},{"start":{"line":189,"column":62},"end":{"line":189,"column":73}}]},"62":{"loc":{"start":{"line":189,"column":40},"end":{"line":189,"column":58}},"type":"cond-expr","locations":[{"start":{"line":189,"column":52},"end":{"line":189,"column":54}},{"start":{"line":189,"column":52},"end":{"line":189,"column":58}}]},"63":{"loc":{"start":{"line":189,"column":40},"end":{"line":189,"column":54}},"type":"binary-expr","locations":[{"start":{"line":189,"column":40},"end":{"line":189,"column":54}},{"start":{"line":189,"column":52},"end":{"line":189,"column":54}}]},"64":{"loc":{"start":{"line":190,"column":86},"end":{"line":190,"column":119}},"type":"binary-expr","locations":[{"start":{"line":190,"column":86},"end":{"line":190,"column":104}},{"start":{"line":190,"column":108},"end":{"line":190,"column":119}}]},"65":{"loc":{"start":{"line":190,"column":86},"end":{"line":190,"column":104}},"type":"cond-expr","locations":[{"start":{"line":190,"column":98},"end":{"line":190,"column":100}},{"start":{"line":190,"column":98},"end":{"line":190,"column":104}}]},"66":{"loc":{"start":{"line":190,"column":86},"end":{"line":190,"column":100}},"type":"binary-expr","locations":[{"start":{"line":190,"column":86},"end":{"line":190,"column":100}},{"start":{"line":190,"column":98},"end":{"line":190,"column":100}}]}},"s":{"0":1,"1":1,"2":1,"3":0,"4":0,"5":1,"6":1,"7":0,"8":0,"9":0,"10":0,"11":0,"12":0,"13":0,"14":0,"15":0,"16":0,"17":0,"18":0,"19":0,"20":0,"21":0,"22":0,"23":0,"24":0,"25":0,"26":0,"27":0,"28":1,"29":0,"30":0,"31":0,"32":0,"33":0,"34":1,"35":1,"36":2,"37":2,"38":2,"39":2,"40":1,"41":1,"42":1,"43":1,"44":1,"45":1,"46":1,"47":1,"48":1,"49":1,"50":1,"51":1,"52":1,"53":1,"54":1,"55":1,"56":0,"57":1,"58":1,"59":1,"60":1,"61":1,"62":1,"63":1,"64":1,"65":1,"66":1,"67":1,"68":0,"69":0,"70":1,"71":1,"72":0,"73":0,"74":0,"75":0,"76":0,"77":0,"78":0,"79":0,"80":0,"81":0,"82":0,"83":1},"f":{"0":0,"1":0,"2":0,"3":0,"4":2,"5":2,"6":0,"7":1,"8":1,"9":1,"10":0,"11":0,"12":0},"b":{"0":[0,1],"1":[0,0],"2":[0,0],"3":[0,0],"4":[0,0,0],"5":[1,1],"6":[1,0],"7":[1,1],"8":[0,1],"9":[1,1],"10":[1,0],"11":[1,1],"12":[0,1],"13":[1,1],"14":[1,1],"15":[0,1],"16":[1,1],"17":[0,1],"18":[1,1],"19":[0,1],"20":[1,1],"21":[1,0],"22":[0,1],"23":[1,1],"24":[0,0],"25":[0,0],"26":[0,1],"27":[1,1],"28":[0,1],"29":[1,1],"30":[0,1],"31":[1,1],"32":[0,1],"33":[1,1],"34":[1,0],"35":[0,1],"36":[1,1],"37":[1,0],"38":[0,1],"39":[1,1],"40":[1,0],"41":[1,1],"42":[0,1],"43":[1,1],"44":[0,1],"45":[1,1],"46":[0,1],"47":[1,1],"48":[0,1],"49":[0,0],"50":[0,1],"51":[0,0],"52":[0,0],"53":[1,0],"54":[0,0],"55":[0,0],"56":[0,0],"57":[0,0],"58":[0,0],"59":[0,0],"60":[0,0],"61":[0,0],"62":[0,0],"63":[0,0],"64":[0,0],"65":[0,0],"66":[0,0]}}
,"C:\\Users\\User\\OneDrive\\Bureau\\TFE\\server\\src\\controllers\\scrim.controller.ts": {"path":"C:\\Users\\User\\OneDrive\\Bureau\\TFE\\server\\src\\controllers\\scrim.controller.ts","statementMap":{"0":{"start":{"line":3,"column":0},"end":{"line":3,"column":26}},"1":{"start":{"line":4,"column":0},"end":{"line":4,"column":42}},"2":{"start":{"line":5,"column":0},"end":{"line":5,"column":40}},"3":{"start":{"line":7,"column":24},"end":{"line":7,"column":78}},"4":{"start":{"line":12,"column":2},"end":{"line":18,"column":3}},"5":{"start":{"line":13,"column":19},"end":{"line":13,"column":37}},"6":{"start":{"line":14,"column":21},"end":{"line":14,"column":83}},"7":{"start":{"line":15,"column":4},"end":{"line":15,"column":60}},"8":{"start":{"line":17,"column":4},"end":{"line":17,"column":14}},"9":{"start":{"line":21,"column":27},"end":{"line":66,"column":2}},"10":{"start":{"line":21,"column":65},"end":{"line":66,"column":2}},"11":{"start":{"line":22,"column":2},"end":{"line":65,"column":3}},"12":{"start":{"line":23,"column":19},"end":{"line":23,"column":29}},"13":{"start":{"line":24,"column":4},"end":{"line":24,"column":89}},"14":{"start":{"line":24,"column":17},"end":{"line":24,"column":89}},"15":{"start":{"line":26,"column":53},"end":{"line":26,"column":null}},"16":{"start":{"line":41,"column":15},"end":{"line":41,"column":19}},"17":{"start":{"line":42,"column":4},"end":{"line":46,"column":5}},"18":{"start":{"line":43,"column":6},"end":{"line":43,"column":66}},"19":{"start":{"line":45,"column":6},"end":{"line":45,"column":53}},"20":{"start":{"line":47,"column":4},"end":{"line":51,"column":5}},"21":{"start":{"line":48,"column":6},"end":{"line":50,"column":87}},"22":{"start":{"line":53,"column":18},"end":{"line":60,"column":6}},"23":{"start":{"line":62,"column":4},"end":{"line":62,"column":32}},"24":{"start":{"line":64,"column":4},"end":{"line":64,"column":63}},"25":{"start":{"line":21,"column":13},"end":{"line":21,"column":27}},"26":{"start":{"line":68,"column":26},"end":{"line":94,"column":2}},"27":{"start":{"line":68,"column":64},"end":{"line":94,"column":2}},"28":{"start":{"line":69,"column":2},"end":{"line":93,"column":3}},"29":{"start":{"line":70,"column":50},"end":{"line":70,"column":null}},"30":{"start":{"line":77,"column":24},"end":{"line":77,"column":42}},"31":{"start":{"line":79,"column":4},"end":{"line":79,"column":49}},"32":{"start":{"line":79,"column":28},"end":{"line":79,"column":49}},"33":{"start":{"line":80,"column":4},"end":{"line":80,"column":60}},"34":{"start":{"line":80,"column":18},"end":{"line":80,"column":60}},"35":{"start":{"line":81,"column":4},"end":{"line":81,"column":56}},"36":{"start":{"line":81,"column":16},"end":{"line":81,"column":56}},"37":{"start":{"line":82,"column":4},"end":{"line":82,"column":36}},"38":{"start":{"line":82,"column":14},"end":{"line":82,"column":36}},"39":{"start":{"line":83,"column":4},"end":{"line":83,"column":48}},"40":{"start":{"line":83,"column":19},"end":{"line":83,"column":48}},"41":{"start":{"line":85,"column":19},"end":{"line":88,"column":28}},"42":{"start":{"line":90,"column":4},"end":{"line":90,"column":21}},"43":{"start":{"line":92,"column":4},"end":{"line":92,"column":63}},"44":{"start":{"line":68,"column":13},"end":{"line":68,"column":26}},"45":{"start":{"line":96,"column":28},"end":{"line":124,"column":2}},"46":{"start":{"line":96,"column":66},"end":{"line":124,"column":2}},"47":{"start":{"line":97,"column":2},"end":{"line":123,"column":3}},"48":{"start":{"line":98,"column":20},"end":{"line":98,"column":33}},"49":{"start":{"line":99,"column":19},"end":{"line":99,"column":29}},"50":{"start":{"line":100,"column":4},"end":{"line":100,"column":89}},"51":{"start":{"line":100,"column":17},"end":{"line":100,"column":89}},"52":{"start":{"line":102,"column":17},"end":{"line":102,"column":56}},"53":{"start":{"line":103,"column":4},"end":{"line":106,"column":90}},"54":{"start":{"line":104,"column":6},"end":{"line":106,"column":90}},"55":{"start":{"line":108,"column":18},"end":{"line":108,"column":47}},"56":{"start":{"line":109,"column":4},"end":{"line":109,"column":77}},"57":{"start":{"line":109,"column":16},"end":{"line":109,"column":77}},"58":{"start":{"line":110,"column":4},"end":{"line":111,"column":75}},"59":{"start":{"line":111,"column":6},"end":{"line":111,"column":75}},"60":{"start":{"line":113,"column":4},"end":{"line":115,"column":5}},"61":{"start":{"line":113,"column":40},"end":{"line":113,"column":85}},"62":{"start":{"line":114,"column":6},"end":{"line":114,"column":71}},"63":{"start":{"line":117,"column":4},"end":{"line":117,"column":65}},"64":{"start":{"line":118,"column":4},"end":{"line":118,"column":23}},"65":{"start":{"line":120,"column":4},"end":{"line":120,"column":45}},"66":{"start":{"line":122,"column":4},"end":{"line":122,"column":63}},"67":{"start":{"line":96,"column":13},"end":{"line":96,"column":28}},"68":{"start":{"line":126,"column":30},"end":{"line":168,"column":2}},"69":{"start":{"line":126,"column":68},"end":{"line":168,"column":2}},"70":{"start":{"line":127,"column":2},"end":{"line":167,"column":3}},"71":{"start":{"line":128,"column":20},"end":{"line":128,"column":33}},"72":{"start":{"line":129,"column":34},"end":{"line":129,"column":96}},"73":{"start":{"line":130,"column":19},"end":{"line":130,"column":29}},"74":{"start":{"line":131,"column":4},"end":{"line":131,"column":89}},"75":{"start":{"line":131,"column":17},"end":{"line":131,"column":89}},"76":{"start":{"line":134,"column":17},"end":{"line":134,"column":56}},"77":{"start":{"line":135,"column":4},"end":{"line":135,"column":96}},"78":{"start":{"line":135,"column":15},"end":{"line":135,"column":96}},"79":{"start":{"line":137,"column":23},"end":{"line":137,"column":52}},"80":{"start":{"line":138,"column":4},"end":{"line":138,"column":77}},"81":{"start":{"line":138,"column":16},"end":{"line":138,"column":77}},"82":{"start":{"line":140,"column":4},"end":{"line":142,"column":5}},"83":{"start":{"line":141,"column":6},"end":{"line":141,"column":71}},"84":{"start":{"line":144,"column":19},"end":{"line":144,"column":47}},"85":{"start":{"line":145,"column":4},"end":{"line":145,"column":81}},"86":{"start":{"line":145,"column":17},"end":{"line":145,"column":81}},"87":{"start":{"line":147,"column":4},"end":{"line":161,"column":5}},"88":{"start":{"line":148,"column":6},"end":{"line":148,"column":33}},"89":{"start":{"line":149,"column":6},"end":{"line":149,"column":34}},"90":{"start":{"line":150,"column":6},"end":{"line":150,"column":33}},"91":{"start":{"line":152,"column":6},"end":{"line":156,"column":7}},"92":{"start":{"line":153,"column":38},"end":{"line":153,"column":91}},"93":{"start":{"line":154,"column":8},"end":{"line":154,"column":55}},"94":{"start":{"line":154,"column":23},"end":{"line":154,"column":55}},"95":{"start":{"line":155,"column":8},"end":{"line":155,"column":49}},"96":{"start":{"line":155,"column":20},"end":{"line":155,"column":49}},"97":{"start":{"line":157,"column":11},"end":{"line":161,"column":5}},"98":{"start":{"line":158,"column":6},"end":{"line":158,"column":33}},"99":{"start":{"line":160,"column":6},"end":{"line":160,"column":66}},"100":{"start":{"line":163,"column":4},"end":{"line":163,"column":23}},"101":{"start":{"line":164,"column":4},"end":{"line":164,"column":49}},"102":{"start":{"line":166,"column":4},"end":{"line":166,"column":63}},"103":{"start":{"line":126,"column":13},"end":{"line":126,"column":30}},"104":{"start":{"line":170,"column":27},"end":{"line":194,"column":2}},"105":{"start":{"line":170,"column":65},"end":{"line":194,"column":2}},"106":{"start":{"line":171,"column":2},"end":{"line":193,"column":3}},"107":{"start":{"line":172,"column":19},"end":{"line":172,"column":29}},"108":{"start":{"line":173,"column":4},"end":{"line":173,"column":89}},"109":{"start":{"line":173,"column":17},"end":{"line":173,"column":89}},"110":{"start":{"line":175,"column":20},"end":{"line":175,"column":70}},"111":{"start":{"line":176,"column":4},"end":{"line":178,"column":5}},"112":{"start":{"line":177,"column":6},"end":{"line":177,"column":26}},"113":{"start":{"line":180,"column":22},"end":{"line":180,"column":45}},"114":{"start":{"line":180,"column":39},"end":{"line":180,"column":44}},"115":{"start":{"line":182,"column":19},"end":{"line":188,"column":28}},"116":{"start":{"line":190,"column":4},"end":{"line":190,"column":21}},"117":{"start":{"line":192,"column":4},"end":{"line":192,"column":78}},"118":{"start":{"line":170,"column":13},"end":{"line":170,"column":27}},"119":{"start":{"line":196,"column":35},"end":{"line":236,"column":2}},"120":{"start":{"line":196,"column":73},"end":{"line":236,"column":2}},"121":{"start":{"line":197,"column":2},"end":{"line":235,"column":3}},"122":{"start":{"line":198,"column":19},"end":{"line":198,"column":29}},"123":{"start":{"line":199,"column":4},"end":{"line":199,"column":89}},"124":{"start":{"line":199,"column":17},"end":{"line":199,"column":89}},"125":{"start":{"line":201,"column":20},"end":{"line":201,"column":33}},"126":{"start":{"line":203,"column":23},"end":{"line":206,"column":42}},"127":{"start":{"line":208,"column":4},"end":{"line":208,"column":77}},"128":{"start":{"line":208,"column":16},"end":{"line":208,"column":77}},"129":{"start":{"line":210,"column":20},"end":{"line":210,"column":70}},"130":{"start":{"line":211,"column":24},"end":{"line":211,"column":67}},"131":{"start":{"line":211,"column":49},"end":{"line":211,"column":65}},"132":{"start":{"line":213,"column":19},"end":{"line":215,"column":72}},"133":{"start":{"line":214,"column":6},"end":{"line":215,"column":72}},"134":{"start":{"line":217,"column":20},"end":{"line":217,"column":39}},"135":{"start":{"line":218,"column":20},"end":{"line":218,"column":39}},"136":{"start":{"line":220,"column":19},"end":{"line":220,"column":61}},"137":{"start":{"line":221,"column":23},"end":{"line":221,"column":65}},"138":{"start":{"line":223,"column":24},"end":{"line":226,"column":6}},"139":{"start":{"line":224,"column":18},"end":{"line":224,"column":34}},"140":{"start":{"line":225,"column":6},"end":{"line":225,"column":68}},"141":{"start":{"line":228,"column":4},"end":{"line":230,"column":5}},"142":{"start":{"line":229,"column":6},"end":{"line":229,"column":80}},"143":{"start":{"line":232,"column":4},"end":{"line":232,"column":27}},"144":{"start":{"line":234,"column":4},"end":{"line":234,"column":85}},"145":{"start":{"line":196,"column":13},"end":{"line":196,"column":35}},"146":{"start":{"line":238,"column":32},"end":{"line":272,"column":2}},"147":{"start":{"line":238,"column":70},"end":{"line":272,"column":2}},"148":{"start":{"line":239,"column":2},"end":{"line":271,"column":3}},"149":{"start":{"line":240,"column":19},"end":{"line":240,"column":29}},"150":{"start":{"line":241,"column":4},"end":{"line":241,"column":89}},"151":{"start":{"line":241,"column":17},"end":{"line":241,"column":89}},"152":{"start":{"line":243,"column":17},"end":{"line":243,"column":56}},"153":{"start":{"line":244,"column":4},"end":{"line":244,"column":94}},"154":{"start":{"line":244,"column":15},"end":{"line":244,"column":94}},"155":{"start":{"line":246,"column":23},"end":{"line":249,"column":42}},"156":{"start":{"line":251,"column":4},"end":{"line":251,"column":77}},"157":{"start":{"line":251,"column":16},"end":{"line":251,"column":77}},"158":{"start":{"line":253,"column":19},"end":{"line":255,"column":72}},"159":{"start":{"line":254,"column":6},"end":{"line":255,"column":72}},"160":{"start":{"line":257,"column":22},"end":{"line":257,"column":41}},"161":{"start":{"line":258,"column":19},"end":{"line":258,"column":52}},"162":{"start":{"line":259,"column":23},"end":{"line":259,"column":56}},"163":{"start":{"line":260,"column":24},"end":{"line":261,"column":null}},"164":{"start":{"line":261,"column":18},"end":{"line":261,"column":75}},"165":{"start":{"line":264,"column":4},"end":{"line":266,"column":5}},"166":{"start":{"line":265,"column":6},"end":{"line":265,"column":80}},"167":{"start":{"line":268,"column":4},"end":{"line":268,"column":68}},"168":{"start":{"line":270,"column":4},"end":{"line":270,"column":70}},"169":{"start":{"line":238,"column":13},"end":{"line":238,"column":32}},"170":{"start":{"line":276,"column":36},"end":{"line":297,"column":2}},"171":{"start":{"line":276,"column":74},"end":{"line":297,"column":2}},"172":{"start":{"line":277,"column":2},"end":{"line":296,"column":3}},"173":{"start":{"line":278,"column":20},"end":{"line":278,"column":33}},"174":{"start":{"line":279,"column":19},"end":{"line":279,"column":29}},"175":{"start":{"line":280,"column":4},"end":{"line":280,"column":89}},"176":{"start":{"line":280,"column":17},"end":{"line":280,"column":89}},"177":{"start":{"line":282,"column":17},"end":{"line":282,"column":56}},"178":{"start":{"line":283,"column":4},"end":{"line":283,"column":96}},"179":{"start":{"line":283,"column":15},"end":{"line":283,"column":96}},"180":{"start":{"line":285,"column":23},"end":{"line":285,"column":88}},"181":{"start":{"line":286,"column":4},"end":{"line":286,"column":77}},"182":{"start":{"line":286,"column":16},"end":{"line":286,"column":77}},"183":{"start":{"line":288,"column":4},"end":{"line":290,"column":5}},"184":{"start":{"line":289,"column":6},"end":{"line":289,"column":71}},"185":{"start":{"line":292,"column":28},"end":{"line":292,"column":93}},"186":{"start":{"line":292,"column":70},"end":{"line":292,"column":92}},"187":{"start":{"line":293,"column":4},"end":{"line":293,"column":30}},"188":{"start":{"line":295,"column":4},"end":{"line":295,"column":78}},"189":{"start":{"line":276,"column":13},"end":{"line":276,"column":36}}},"fnMap":{"0":{"name":"createDiscordRoomForScrim","decl":{"start":{"line":9,"column":15},"end":{"line":9,"column":40}},"loc":{"start":{"line":10,"column":17},"end":{"line":19,"column":null}}},"1":{"name":"(anonymous_10)","decl":{"start":{"line":21,"column":27},"end":{"line":21,"column":34}},"loc":{"start":{"line":21,"column":65},"end":{"line":66,"column":2}}},"2":{"name":"(anonymous_11)","decl":{"start":{"line":21,"column":65},"end":{"line":21,"column":null}},"loc":{"start":{"line":21,"column":65},"end":{"line":66,"column":1}}},"3":{"name":"(anonymous_12)","decl":{"start":{"line":68,"column":26},"end":{"line":68,"column":33}},"loc":{"start":{"line":68,"column":64},"end":{"line":94,"column":2}}},"4":{"name":"(anonymous_13)","decl":{"start":{"line":68,"column":64},"end":{"line":68,"column":null}},"loc":{"start":{"line":68,"column":64},"end":{"line":94,"column":1}}},"5":{"name":"(anonymous_14)","decl":{"start":{"line":96,"column":28},"end":{"line":96,"column":35}},"loc":{"start":{"line":96,"column":66},"end":{"line":124,"column":2}}},"6":{"name":"(anonymous_15)","decl":{"start":{"line":96,"column":66},"end":{"line":96,"column":null}},"loc":{"start":{"line":96,"column":66},"end":{"line":124,"column":1}}},"7":{"name":"(anonymous_16)","decl":{"start":{"line":113,"column":28},"end":{"line":113,"column":29}},"loc":{"start":{"line":113,"column":39},"end":{"line":113,"column":85}}},"8":{"name":"(anonymous_17)","decl":{"start":{"line":126,"column":30},"end":{"line":126,"column":37}},"loc":{"start":{"line":126,"column":68},"end":{"line":168,"column":2}}},"9":{"name":"(anonymous_18)","decl":{"start":{"line":126,"column":68},"end":{"line":126,"column":null}},"loc":{"start":{"line":126,"column":68},"end":{"line":168,"column":1}}},"10":{"name":"(anonymous_19)","decl":{"start":{"line":170,"column":27},"end":{"line":170,"column":34}},"loc":{"start":{"line":170,"column":65},"end":{"line":194,"column":2}}},"11":{"name":"(anonymous_20)","decl":{"start":{"line":170,"column":65},"end":{"line":170,"column":null}},"loc":{"start":{"line":170,"column":65},"end":{"line":194,"column":1}}},"12":{"name":"(anonymous_21)","decl":{"start":{"line":180,"column":34},"end":{"line":180,"column":35}},"loc":{"start":{"line":180,"column":39},"end":{"line":180,"column":44}}},"13":{"name":"(anonymous_22)","decl":{"start":{"line":196,"column":35},"end":{"line":196,"column":42}},"loc":{"start":{"line":196,"column":73},"end":{"line":236,"column":2}}},"14":{"name":"(anonymous_23)","decl":{"start":{"line":196,"column":73},"end":{"line":196,"column":null}},"loc":{"start":{"line":196,"column":73},"end":{"line":236,"column":1}}},"15":{"name":"(anonymous_24)","decl":{"start":{"line":211,"column":44},"end":{"line":211,"column":45}},"loc":{"start":{"line":211,"column":49},"end":{"line":211,"column":65}}},"16":{"name":"(anonymous_25)","decl":{"start":{"line":213,"column":19},"end":{"line":213,"column":20}},"loc":{"start":{"line":214,"column":6},"end":{"line":215,"column":72}}},"17":{"name":"(anonymous_26)","decl":{"start":{"line":223,"column":52},"end":{"line":223,"column":53}},"loc":{"start":{"line":223,"column":63},"end":{"line":226,"column":5}}},"18":{"name":"(anonymous_27)","decl":{"start":{"line":238,"column":32},"end":{"line":238,"column":39}},"loc":{"start":{"line":238,"column":70},"end":{"line":272,"column":2}}},"19":{"name":"(anonymous_28)","decl":{"start":{"line":238,"column":70},"end":{"line":238,"column":null}},"loc":{"start":{"line":238,"column":70},"end":{"line":272,"column":1}}},"20":{"name":"(anonymous_29)","decl":{"start":{"line":253,"column":19},"end":{"line":253,"column":20}},"loc":{"start":{"line":254,"column":6},"end":{"line":255,"column":72}}},"21":{"name":"(anonymous_30)","decl":{"start":{"line":261,"column":6},"end":{"line":261,"column":7}},"loc":{"start":{"line":261,"column":18},"end":{"line":261,"column":75}}},"22":{"name":"(anonymous_31)","decl":{"start":{"line":276,"column":36},"end":{"line":276,"column":43}},"loc":{"start":{"line":276,"column":74},"end":{"line":297,"column":2}}},"23":{"name":"(anonymous_32)","decl":{"start":{"line":276,"column":74},"end":{"line":276,"column":null}},"loc":{"start":{"line":276,"column":74},"end":{"line":297,"column":1}}},"24":{"name":"(anonymous_33)","decl":{"start":{"line":292,"column":58},"end":{"line":292,"column":59}},"loc":{"start":{"line":292,"column":70},"end":{"line":292,"column":92}}}},"branchMap":{"0":{"loc":{"start":{"line":7,"column":24},"end":{"line":7,"column":78}},"type":"binary-expr","locations":[{"start":{"line":7,"column":24},"end":{"line":7,"column":51}},{"start":{"line":7,"column":55},"end":{"line":7,"column":78}}]},"1":{"loc":{"start":{"line":15,"column":24},"end":{"line":15,"column":49}},"type":"cond-expr","locations":[{"start":{"line":15,"column":28},"end":{"line":15,"column":30}},{"start":{"line":15,"column":24},"end":{"line":15,"column":49}}]},"2":{"loc":{"start":{"line":15,"column":24},"end":{"line":15,"column":30}},"type":"binary-expr","locations":[{"start":{"line":15,"column":24},"end":{"line":15,"column":30}},{"start":{"line":15,"column":24},"end":{"line":15,"column":30}}]},"3":{"loc":{"start":{"line":24,"column":4},"end":{"line":24,"column":89}},"type":"if","locations":[{"start":{"line":24,"column":4},"end":{"line":24,"column":89}},{"start":{},"end":{}}]},"4":{"loc":{"start":{"line":42,"column":4},"end":{"line":46,"column":5}},"type":"if","locations":[{"start":{"line":42,"column":4},"end":{"line":46,"column":5}},{"start":{"line":44,"column":11},"end":{"line":46,"column":5}}]},"5":{"loc":{"start":{"line":47,"column":4},"end":{"line":51,"column":5}},"type":"if","locations":[{"start":{"line":47,"column":4},"end":{"line":51,"column":5}},{"start":{},"end":{}}]},"6":{"loc":{"start":{"line":79,"column":4},"end":{"line":79,"column":49}},"type":"if","locations":[{"start":{"line":79,"column":4},"end":{"line":79,"column":49}},{"start":{},"end":{}}]},"7":{"loc":{"start":{"line":79,"column":8},"end":{"line":79,"column":26}},"type":"binary-expr","locations":[{"start":{"line":79,"column":8},"end":{"line":79,"column":16}},{"start":{"line":79,"column":20},"end":{"line":79,"column":26}}]},"8":{"loc":{"start":{"line":80,"column":4},"end":{"line":80,"column":60}},"type":"if","locations":[{"start":{"line":80,"column":4},"end":{"line":80,"column":60}},{"start":{},"end":{}}]},"9":{"loc":{"start":{"line":81,"column":4},"end":{"line":81,"column":56}},"type":"if","locations":[{"start":{"line":81,"column":4},"end":{"line":81,"column":56}},{"start":{},"end":{}}]},"10":{"loc":{"start":{"line":82,"column":4},"end":{"line":82,"column":36}},"type":"if","locations":[{"start":{"line":82,"column":4},"end":{"line":82,"column":36}},{"start":{},"end":{}}]},"11":{"loc":{"start":{"line":83,"column":4},"end":{"line":83,"column":48}},"type":"if","locations":[{"start":{"line":83,"column":4},"end":{"line":83,"column":48}},{"start":{},"end":{}}]},"12":{"loc":{"start":{"line":100,"column":4},"end":{"line":100,"column":89}},"type":"if","locations":[{"start":{"line":100,"column":4},"end":{"line":100,"column":89}},{"start":{},"end":{}}]},"13":{"loc":{"start":{"line":103,"column":4},"end":{"line":106,"column":90}},"type":"if","locations":[{"start":{"line":103,"column":4},"end":{"line":106,"column":90}},{"start":{},"end":{}}]},"14":{"loc":{"start":{"line":109,"column":4},"end":{"line":109,"column":77}},"type":"if","locations":[{"start":{"line":109,"column":4},"end":{"line":109,"column":77}},{"start":{},"end":{}}]},"15":{"loc":{"start":{"line":110,"column":4},"end":{"line":111,"column":75}},"type":"if","locations":[{"start":{"line":110,"column":4},"end":{"line":111,"column":75}},{"start":{},"end":{}}]},"16":{"loc":{"start":{"line":113,"column":4},"end":{"line":115,"column":5}},"type":"if","locations":[{"start":{"line":113,"column":4},"end":{"line":115,"column":5}},{"start":{},"end":{}}]},"17":{"loc":{"start":{"line":113,"column":40},"end":{"line":113,"column":60}},"type":"cond-expr","locations":[{"start":{"line":113,"column":48},"end":{"line":113,"column":50}},{"start":{"line":113,"column":48},"end":{"line":113,"column":60}}]},"18":{"loc":{"start":{"line":113,"column":40},"end":{"line":113,"column":50}},"type":"binary-expr","locations":[{"start":{"line":113,"column":40},"end":{"line":113,"column":50}},{"start":{"line":113,"column":48},"end":{"line":113,"column":50}}]},"19":{"loc":{"start":{"line":131,"column":4},"end":{"line":131,"column":89}},"type":"if","locations":[{"start":{"line":131,"column":4},"end":{"line":131,"column":89}},{"start":{},"end":{}}]},"20":{"loc":{"start":{"line":135,"column":4},"end":{"line":135,"column":96}},"type":"if","locations":[{"start":{"line":135,"column":4},"end":{"line":135,"column":96}},{"start":{},"end":{}}]},"21":{"loc":{"start":{"line":138,"column":4},"end":{"line":138,"column":77}},"type":"if","locations":[{"start":{"line":138,"column":4},"end":{"line":138,"column":77}},{"start":{},"end":{}}]},"22":{"loc":{"start":{"line":140,"column":4},"end":{"line":142,"column":5}},"type":"if","locations":[{"start":{"line":140,"column":4},"end":{"line":142,"column":5}},{"start":{},"end":{}}]},"23":{"loc":{"start":{"line":140,"column":8},"end":{"line":140,"column":31}},"type":"cond-expr","locations":[{"start":{"line":140,"column":19},"end":{"line":140,"column":21}},{"start":{"line":140,"column":19},"end":{"line":140,"column":31}}]},"24":{"loc":{"start":{"line":140,"column":8},"end":{"line":140,"column":21}},"type":"binary-expr","locations":[{"start":{"line":140,"column":8},"end":{"line":140,"column":21}},{"start":{"line":140,"column":19},"end":{"line":140,"column":21}}]},"25":{"loc":{"start":{"line":145,"column":4},"end":{"line":145,"column":81}},"type":"if","locations":[{"start":{"line":145,"column":4},"end":{"line":145,"column":81}},{"start":{},"end":{}}]},"26":{"loc":{"start":{"line":147,"column":4},"end":{"line":161,"column":5}},"type":"if","locations":[{"start":{"line":147,"column":4},"end":{"line":161,"column":5}},{"start":{"line":157,"column":11},"end":{"line":161,"column":5}}]},"27":{"loc":{"start":{"line":152,"column":6},"end":{"line":156,"column":7}},"type":"if","locations":[{"start":{"line":152,"column":6},"end":{"line":156,"column":7}},{"start":{},"end":{}}]},"28":{"loc":{"start":{"line":154,"column":8},"end":{"line":154,"column":55}},"type":"if","locations":[{"start":{"line":154,"column":8},"end":{"line":154,"column":55}},{"start":{},"end":{}}]},"29":{"loc":{"start":{"line":155,"column":8},"end":{"line":155,"column":49}},"type":"if","locations":[{"start":{"line":155,"column":8},"end":{"line":155,"column":49}},{"start":{},"end":{}}]},"30":{"loc":{"start":{"line":157,"column":11},"end":{"line":161,"column":5}},"type":"if","locations":[{"start":{"line":157,"column":11},"end":{"line":161,"column":5}},{"start":{"line":159,"column":11},"end":{"line":161,"column":5}}]},"31":{"loc":{"start":{"line":173,"column":4},"end":{"line":173,"column":89}},"type":"if","locations":[{"start":{"line":173,"column":4},"end":{"line":173,"column":89}},{"start":{},"end":{}}]},"32":{"loc":{"start":{"line":176,"column":4},"end":{"line":178,"column":5}},"type":"if","locations":[{"start":{"line":176,"column":4},"end":{"line":178,"column":5}},{"start":{},"end":{}}]},"33":{"loc":{"start":{"line":199,"column":4},"end":{"line":199,"column":89}},"type":"if","locations":[{"start":{"line":199,"column":4},"end":{"line":199,"column":89}},{"start":{},"end":{}}]},"34":{"loc":{"start":{"line":208,"column":4},"end":{"line":208,"column":77}},"type":"if","locations":[{"start":{"line":208,"column":4},"end":{"line":208,"column":77}},{"start":{},"end":{}}]},"35":{"loc":{"start":{"line":214,"column":6},"end":{"line":215,"column":72}},"type":"binary-expr","locations":[{"start":{"line":214,"column":7},"end":{"line":214,"column":10}},{"start":{"line":214,"column":14},"end":{"line":214,"column":21}},{"start":{"line":214,"column":25},"end":{"line":214,"column":43}},{"start":{"line":215,"column":7},"end":{"line":215,"column":71}}]},"36":{"loc":{"start":{"line":215,"column":7},"end":{"line":215,"column":71}},"type":"cond-expr","locations":[{"start":{"line":215,"column":45},"end":{"line":215,"column":59}},{"start":{"line":215,"column":62},"end":{"line":215,"column":71}}]},"37":{"loc":{"start":{"line":215,"column":14},"end":{"line":215,"column":27}},"type":"cond-expr","locations":[{"start":{"line":215,"column":17},"end":{"line":215,"column":19}},{"start":{"line":215,"column":14},"end":{"line":215,"column":27}}]},"38":{"loc":{"start":{"line":215,"column":14},"end":{"line":215,"column":19}},"type":"binary-expr","locations":[{"start":{"line":215,"column":14},"end":{"line":215,"column":19}},{"start":{"line":215,"column":14},"end":{"line":215,"column":19}}]},"39":{"loc":{"start":{"line":220,"column":19},"end":{"line":220,"column":61}},"type":"cond-expr","locations":[{"start":{"line":220,"column":29},"end":{"line":220,"column":53}},{"start":{"line":220,"column":56},"end":{"line":220,"column":61}}]},"40":{"loc":{"start":{"line":221,"column":23},"end":{"line":221,"column":65}},"type":"cond-expr","locations":[{"start":{"line":221,"column":33},"end":{"line":221,"column":57}},{"start":{"line":221,"column":60},"end":{"line":221,"column":65}}]},"41":{"loc":{"start":{"line":223,"column":25},"end":{"line":223,"column":45}},"type":"binary-expr","locations":[{"start":{"line":223,"column":25},"end":{"line":223,"column":39}},{"start":{"line":223,"column":43},"end":{"line":223,"column":45}}]},"42":{"loc":{"start":{"line":225,"column":13},"end":{"line":225,"column":67}},"type":"binary-expr","locations":[{"start":{"line":225,"column":13},"end":{"line":225,"column":36}},{"start":{"line":225,"column":40},"end":{"line":225,"column":43}},{"start":{"line":225,"column":47},"end":{"line":225,"column":67}}]},"43":{"loc":{"start":{"line":228,"column":4},"end":{"line":230,"column":5}},"type":"if","locations":[{"start":{"line":228,"column":4},"end":{"line":230,"column":5}},{"start":{},"end":{}}]},"44":{"loc":{"start":{"line":228,"column":8},"end":{"line":228,"column":46}},"type":"binary-expr","locations":[{"start":{"line":228,"column":8},"end":{"line":228,"column":15}},{"start":{"line":228,"column":19},"end":{"line":228,"column":30}},{"start":{"line":228,"column":34},"end":{"line":228,"column":46}}]},"45":{"loc":{"start":{"line":241,"column":4},"end":{"line":241,"column":89}},"type":"if","locations":[{"start":{"line":241,"column":4},"end":{"line":241,"column":89}},{"start":{},"end":{}}]},"46":{"loc":{"start":{"line":244,"column":4},"end":{"line":244,"column":94}},"type":"if","locations":[{"start":{"line":244,"column":4},"end":{"line":244,"column":94}},{"start":{},"end":{}}]},"47":{"loc":{"start":{"line":251,"column":4},"end":{"line":251,"column":77}},"type":"if","locations":[{"start":{"line":251,"column":4},"end":{"line":251,"column":77}},{"start":{},"end":{}}]},"48":{"loc":{"start":{"line":254,"column":6},"end":{"line":255,"column":72}},"type":"binary-expr","locations":[{"start":{"line":254,"column":7},"end":{"line":254,"column":10}},{"start":{"line":254,"column":14},"end":{"line":254,"column":21}},{"start":{"line":254,"column":25},"end":{"line":254,"column":43}},{"start":{"line":255,"column":7},"end":{"line":255,"column":71}}]},"49":{"loc":{"start":{"line":255,"column":7},"end":{"line":255,"column":71}},"type":"cond-expr","locations":[{"start":{"line":255,"column":45},"end":{"line":255,"column":59}},{"start":{"line":255,"column":62},"end":{"line":255,"column":71}}]},"50":{"loc":{"start":{"line":255,"column":14},"end":{"line":255,"column":27}},"type":"cond-expr","locations":[{"start":{"line":255,"column":17},"end":{"line":255,"column":19}},{"start":{"line":255,"column":14},"end":{"line":255,"column":27}}]},"51":{"loc":{"start":{"line":255,"column":14},"end":{"line":255,"column":19}},"type":"binary-expr","locations":[{"start":{"line":255,"column":14},"end":{"line":255,"column":19}},{"start":{"line":255,"column":14},"end":{"line":255,"column":19}}]},"52":{"loc":{"start":{"line":260,"column":25},"end":{"line":260,"column":45}},"type":"binary-expr","locations":[{"start":{"line":260,"column":25},"end":{"line":260,"column":39}},{"start":{"line":260,"column":43},"end":{"line":260,"column":45}}]},"53":{"loc":{"start":{"line":261,"column":18},"end":{"line":261,"column":75}},"type":"binary-expr","locations":[{"start":{"line":261,"column":18},"end":{"line":261,"column":41}},{"start":{"line":261,"column":45},"end":{"line":261,"column":75}}]},"54":{"loc":{"start":{"line":264,"column":4},"end":{"line":266,"column":5}},"type":"if","locations":[{"start":{"line":264,"column":4},"end":{"line":266,"column":5}},{"start":{},"end":{}}]},"55":{"loc":{"start":{"line":264,"column":8},"end":{"line":264,"column":46}},"type":"binary-expr","locations":[{"start":{"line":264,"column":8},"end":{"line":264,"column":15}},{"start":{"line":264,"column":19},"end":{"line":264,"column":30}},{"start":{"line":264,"column":34},"end":{"line":264,"column":46}}]},"56":{"loc":{"start":{"line":268,"column":37},"end":{"line":268,"column":64}},"type":"binary-expr","locations":[{"start":{"line":268,"column":37},"end":{"line":268,"column":56}},{"start":{"line":268,"column":60},"end":{"line":268,"column":64}}]},"57":{"loc":{"start":{"line":280,"column":4},"end":{"line":280,"column":89}},"type":"if","locations":[{"start":{"line":280,"column":4},"end":{"line":280,"column":89}},{"start":{},"end":{}}]},"58":{"loc":{"start":{"line":283,"column":4},"end":{"line":283,"column":96}},"type":"if","locations":[{"start":{"line":283,"column":4},"end":{"line":283,"column":96}},{"start":{},"end":{}}]},"59":{"loc":{"start":{"line":286,"column":4},"end":{"line":286,"column":77}},"type":"if","locations":[{"start":{"line":286,"column":4},"end":{"line":286,"column":77}},{"start":{},"end":{}}]},"60":{"loc":{"start":{"line":288,"column":4},"end":{"line":290,"column":5}},"type":"if","locations":[{"start":{"line":288,"column":4},"end":{"line":290,"column":5}},{"start":{},"end":{}}]},"61":{"loc":{"start":{"line":288,"column":8},"end":{"line":288,"column":31}},"type":"cond-expr","locations":[{"start":{"line":288,"column":19},"end":{"line":288,"column":21}},{"start":{"line":288,"column":19},"end":{"line":288,"column":31}}]},"62":{"loc":{"start":{"line":288,"column":8},"end":{"line":288,"column":21}},"type":"binary-expr","locations":[{"start":{"line":288,"column":8},"end":{"line":288,"column":21}},{"start":{"line":288,"column":19},"end":{"line":288,"column":21}}]},"63":{"loc":{"start":{"line":292,"column":29},"end":{"line":292,"column":49}},"type":"binary-expr","locations":[{"start":{"line":292,"column":29},"end":{"line":292,"column":43}},{"start":{"line":292,"column":47},"end":{"line":292,"column":49}}]}},"s":{"0":2,"1":2,"2":2,"3":2,"4":2,"5":2,"6":2,"7":2,"8":0,"9":2,"10":1,"11":1,"12":1,"13":1,"14":0,"15":1,"16":1,"17":1,"18":1,"19":0,"20":1,"21":0,"22":1,"23":1,"24":0,"25":2,"26":2,"27":0,"28":0,"29":0,"30":0,"31":0,"32":0,"33":0,"34":0,"35":0,"36":0,"37":0,"38":0,"39":0,"40":0,"41":0,"42":0,"43":0,"44":2,"45":2,"46":1,"47":1,"48":1,"49":1,"50":1,"51":0,"52":1,"53":1,"54":0,"55":1,"56":1,"57":0,"58":1,"59":0,"60":1,"61":0,"62":0,"63":1,"64":1,"65":1,"66":0,"67":2,"68":2,"69":2,"70":2,"71":2,"72":2,"73":2,"74":2,"75":0,"76":2,"77":2,"78":0,"79":2,"80":2,"81":0,"82":2,"83":0,"84":2,"85":2,"86":0,"87":2,"88":2,"89":2,"90":2,"91":2,"92":2,"93":2,"94":2,"95":2,"96":2,"97":0,"98":0,"99":0,"100":2,"101":2,"102":0,"103":2,"104":2,"105":0,"106":0,"107":0,"108":0,"109":0,"110":0,"111":0,"112":0,"113":0,"114":0,"115":0,"116":0,"117":0,"118":2,"119":2,"120":0,"121":0,"122":0,"123":0,"124":0,"125":0,"126":0,"127":0,"128":0,"129":0,"130":0,"131":0,"132":0,"133":0,"134":0,"135":0,"136":0,"137":0,"138":0,"139":0,"140":0,"141":0,"142":0,"143":0,"144":0,"145":2,"146":2,"147":1,"148":1,"149":1,"150":1,"151":0,"152":1,"153":1,"154":0,"155":1,"156":1,"157":0,"158":1,"159":3,"160":1,"161":1,"162":1,"163":1,"164":1,"165":1,"166":0,"167":1,"168":0,"169":2,"170":2,"171":1,"172":1,"173":1,"174":1,"175":1,"176":0,"177":1,"178":1,"179":0,"180":1,"181":1,"182":0,"183":1,"184":0,"185":1,"186":1,"187":1,"188":0,"189":2},"f":{"0":2,"1":1,"2":1,"3":0,"4":0,"5":1,"6":1,"7":0,"8":2,"9":2,"10":0,"11":0,"12":0,"13":0,"14":0,"15":0,"16":0,"17":0,"18":1,"19":1,"20":3,"21":1,"22":1,"23":1,"24":1},"b":{"0":[2,1],"1":[0,2],"2":[2,2],"3":[0,1],"4":[1,0],"5":[0,1],"6":[0,0],"7":[0,0],"8":[0,0],"9":[0,0],"10":[0,0],"11":[0,0],"12":[0,1],"13":[0,1],"14":[0,1],"15":[0,1],"16":[0,1],"17":[0,0],"18":[0,0],"19":[0,2],"20":[0,2],"21":[0,2],"22":[0,2],"23":[0,2],"24":[2,2],"25":[0,2],"26":[2,0],"27":[2,0],"28":[2,0],"29":[2,0],"30":[0,0],"31":[0,0],"32":[0,0],"33":[0,0],"34":[0,0],"35":[0,0,0,0],"36":[0,0],"37":[0,0],"38":[0,0],"39":[0,0],"40":[0,0],"41":[0,0],"42":[0,0,0],"43":[0,0],"44":[0,0,0],"45":[0,1],"46":[0,1],"47":[0,1],"48":[3,3,3,0],"49":[0,0],"50":[0,0],"51":[0,0],"52":[1,0],"53":[1,1],"54":[0,1],"55":[1,0,0],"56":[1,0],"57":[0,1],"58":[0,1],"59":[0,1],"60":[0,1],"61":[0,1],"62":[1,1],"63":[1,0]}}
,"C:\\Users\\User\\OneDrive\\Bureau\\TFE\\server\\src\\controllers\\team.controller.ts": {"path":"C:\\Users\\User\\OneDrive\\Bureau\\TFE\\server\\src\\controllers\\team.controller.ts","statementMap":{"0":{"start":{"line":3,"column":0},"end":{"line":3,"column":32}},"1":{"start":{"line":4,"column":0},"end":{"line":4,"column":40}},"2":{"start":{"line":5,"column":0},"end":{"line":5,"column":40}},"3":{"start":{"line":7,"column":26},"end":{"line":24,"column":2}},"4":{"start":{"line":7,"column":64},"end":{"line":24,"column":2}},"5":{"start":{"line":8,"column":2},"end":{"line":23,"column":3}},"6":{"start":{"line":9,"column":34},"end":{"line":9,"column":42}},"7":{"start":{"line":10,"column":20},"end":{"line":10,"column":30}},"8":{"start":{"line":12,"column":4},"end":{"line":12,"column":90}},"9":{"start":{"line":12,"column":18},"end":{"line":12,"column":90}},"10":{"start":{"line":14,"column":25},"end":{"line":14,"column":53}},"11":{"start":{"line":15,"column":4},"end":{"line":15,"column":89}},"12":{"start":{"line":15,"column":22},"end":{"line":15,"column":89}},"13":{"start":{"line":17,"column":17},"end":{"line":17,"column":94}},"14":{"start":{"line":18,"column":4},"end":{"line":18,"column":22}},"15":{"start":{"line":20,"column":4},"end":{"line":20,"column":31}},"16":{"start":{"line":22,"column":4},"end":{"line":22,"column":68}},"17":{"start":{"line":7,"column":13},"end":{"line":7,"column":26}},"18":{"start":{"line":26,"column":26},"end":{"line":56,"column":2}},"19":{"start":{"line":26,"column":64},"end":{"line":56,"column":2}},"20":{"start":{"line":27,"column":2},"end":{"line":55,"column":3}},"21":{"start":{"line":28,"column":19},"end":{"line":28,"column":29}},"22":{"start":{"line":29,"column":19},"end":{"line":29,"column":32}},"23":{"start":{"line":31,"column":4},"end":{"line":31,"column":89}},"24":{"start":{"line":31,"column":17},"end":{"line":31,"column":89}},"25":{"start":{"line":32,"column":22},"end":{"line":32,"column":36}},"26":{"start":{"line":34,"column":4},"end":{"line":36,"column":5}},"27":{"start":{"line":35,"column":6},"end":{"line":35,"column":62}},"28":{"start":{"line":38,"column":17},"end":{"line":38,"column":44}},"29":{"start":{"line":39,"column":4},"end":{"line":39,"column":78}},"30":{"start":{"line":39,"column":15},"end":{"line":39,"column":78}},"31":{"start":{"line":41,"column":22},"end":{"line":41,"column":59}},"32":{"start":{"line":42,"column":25},"end":{"line":42,"column":94}},"33":{"start":{"line":44,"column":4},"end":{"line":48,"column":5}},"34":{"start":{"line":45,"column":6},"end":{"line":47,"column":88}},"35":{"start":{"line":50,"column":4},"end":{"line":50,"column":41}},"36":{"start":{"line":51,"column":4},"end":{"line":51,"column":53}},"37":{"start":{"line":53,"column":4},"end":{"line":53,"column":45}},"38":{"start":{"line":54,"column":4},"end":{"line":54,"column":75}},"39":{"start":{"line":26,"column":13},"end":{"line":26,"column":26}},"40":{"start":{"line":58,"column":31},"end":{"line":87,"column":2}},"41":{"start":{"line":58,"column":69},"end":{"line":87,"column":2}},"42":{"start":{"line":59,"column":2},"end":{"line":86,"column":3}},"43":{"start":{"line":60,"column":19},"end":{"line":60,"column":32}},"44":{"start":{"line":61,"column":19},"end":{"line":61,"column":29}},"45":{"start":{"line":62,"column":29},"end":{"line":62,"column":65}},"46":{"start":{"line":64,"column":4},"end":{"line":64,"column":89}},"47":{"start":{"line":64,"column":17},"end":{"line":64,"column":89}},"48":{"start":{"line":65,"column":22},"end":{"line":65,"column":36}},"49":{"start":{"line":67,"column":17},"end":{"line":67,"column":44}},"50":{"start":{"line":68,"column":4},"end":{"line":68,"column":78}},"51":{"start":{"line":68,"column":15},"end":{"line":68,"column":78}},"52":{"start":{"line":70,"column":4},"end":{"line":72,"column":5}},"53":{"start":{"line":71,"column":6},"end":{"line":71,"column":96}},"54":{"start":{"line":74,"column":4},"end":{"line":78,"column":5}},"55":{"start":{"line":74,"column":34},"end":{"line":74,"column":63}},"56":{"start":{"line":75,"column":6},"end":{"line":77,"column":82}},"57":{"start":{"line":80,"column":4},"end":{"line":80,"column":61}},"58":{"start":{"line":81,"column":4},"end":{"line":81,"column":22}},"59":{"start":{"line":83,"column":4},"end":{"line":83,"column":66}},"60":{"start":{"line":85,"column":4},"end":{"line":85,"column":68}},"61":{"start":{"line":58,"column":13},"end":{"line":58,"column":31}},"62":{"start":{"line":89,"column":25},"end":{"line":127,"column":2}},"63":{"start":{"line":89,"column":63},"end":{"line":127,"column":2}},"64":{"start":{"line":90,"column":2},"end":{"line":126,"column":3}},"65":{"start":{"line":91,"column":19},"end":{"line":91,"column":29}},"66":{"start":{"line":92,"column":19},"end":{"line":92,"column":32}},"67":{"start":{"line":94,"column":4},"end":{"line":94,"column":89}},"68":{"start":{"line":94,"column":17},"end":{"line":94,"column":89}},"69":{"start":{"line":95,"column":22},"end":{"line":95,"column":36}},"70":{"start":{"line":97,"column":17},"end":{"line":97,"column":44}},"71":{"start":{"line":98,"column":4},"end":{"line":98,"column":78}},"72":{"start":{"line":98,"column":15},"end":{"line":98,"column":78}},"73":{"start":{"line":100,"column":21},"end":{"line":100,"column":73}},"74":{"start":{"line":100,"column":46},"end":{"line":100,"column":72}},"75":{"start":{"line":101,"column":4},"end":{"line":103,"column":5}},"76":{"start":{"line":102,"column":6},"end":{"line":102,"column":89}},"77":{"start":{"line":105,"column":22},"end":{"line":105,"column":59}},"78":{"start":{"line":107,"column":4},"end":{"line":122,"column":5}},"79":{"start":{"line":108,"column":6},"end":{"line":117,"column":7}},"80":{"start":{"line":109,"column":37},"end":{"line":109,"column":91}},"81":{"start":{"line":109,"column":64},"end":{"line":109,"column":90}},"82":{"start":{"line":110,"column":8},"end":{"line":110,"column":47}},"83":{"start":{"line":111,"column":8},"end":{"line":111,"column":44}},"84":{"start":{"line":112,"column":8},"end":{"line":112,"column":26}},"85":{"start":{"line":113,"column":8},"end":{"line":113,"column":99}},"86":{"start":{"line":115,"column":8},"end":{"line":115,"column":45}},"87":{"start":{"line":116,"column":8},"end":{"line":116,"column":87}},"88":{"start":{"line":119,"column":6},"end":{"line":119,"column":76}},"89":{"start":{"line":119,"column":48},"end":{"line":119,"column":74}},"90":{"start":{"line":120,"column":6},"end":{"line":120,"column":24}},"91":{"start":{"line":121,"column":6},"end":{"line":121,"column":76}},"92":{"start":{"line":124,"column":4},"end":{"line":124,"column":44}},"93":{"start":{"line":125,"column":4},"end":{"line":125,"column":68}},"94":{"start":{"line":89,"column":13},"end":{"line":89,"column":25}},"95":{"start":{"line":129,"column":31},"end":{"line":143,"column":2}},"96":{"start":{"line":129,"column":69},"end":{"line":143,"column":2}},"97":{"start":{"line":130,"column":2},"end":{"line":142,"column":3}},"98":{"start":{"line":131,"column":19},"end":{"line":131,"column":29}},"99":{"start":{"line":132,"column":4},"end":{"line":132,"column":89}},"100":{"start":{"line":132,"column":17},"end":{"line":132,"column":89}},"101":{"start":{"line":133,"column":22},"end":{"line":133,"column":36}},"102":{"start":{"line":135,"column":18},"end":{"line":137,"column":38}},"103":{"start":{"line":139,"column":4},"end":{"line":139,"column":20}},"104":{"start":{"line":141,"column":4},"end":{"line":141,"column":68}},"105":{"start":{"line":129,"column":13},"end":{"line":129,"column":31}},"106":{"start":{"line":145,"column":27},"end":{"line":157,"column":2}},"107":{"start":{"line":145,"column":65},"end":{"line":157,"column":2}},"108":{"start":{"line":146,"column":2},"end":{"line":156,"column":3}},"109":{"start":{"line":147,"column":19},"end":{"line":147,"column":32}},"110":{"start":{"line":148,"column":17},"end":{"line":150,"column":38}},"111":{"start":{"line":152,"column":4},"end":{"line":152,"column":78}},"112":{"start":{"line":152,"column":15},"end":{"line":152,"column":78}},"113":{"start":{"line":153,"column":4},"end":{"line":153,"column":19}},"114":{"start":{"line":155,"column":4},"end":{"line":155,"column":68}},"115":{"start":{"line":145,"column":13},"end":{"line":145,"column":27}},"116":{"start":{"line":159,"column":28},"end":{"line":192,"column":2}},"117":{"start":{"line":159,"column":66},"end":{"line":192,"column":2}},"118":{"start":{"line":160,"column":2},"end":{"line":191,"column":3}},"119":{"start":{"line":161,"column":19},"end":{"line":161,"column":32}},"120":{"start":{"line":162,"column":25},"end":{"line":162,"column":57}},"121":{"start":{"line":164,"column":4},"end":{"line":166,"column":5}},"122":{"start":{"line":165,"column":6},"end":{"line":165,"column":77}},"123":{"start":{"line":168,"column":25},"end":{"line":168,"column":87}},"124":{"start":{"line":169,"column":4},"end":{"line":169,"column":90}},"125":{"start":{"line":169,"column":23},"end":{"line":169,"column":90}},"126":{"start":{"line":171,"column":25},"end":{"line":171,"column":49}},"127":{"start":{"line":173,"column":17},"end":{"line":173,"column":44}},"128":{"start":{"line":174,"column":4},"end":{"line":174,"column":78}},"129":{"start":{"line":174,"column":15},"end":{"line":174,"column":78}},"130":{"start":{"line":176,"column":4},"end":{"line":178,"column":5}},"131":{"start":{"line":176,"column":33},"end":{"line":176,"column":62}},"132":{"start":{"line":177,"column":6},"end":{"line":177,"column":74}},"133":{"start":{"line":180,"column":4},"end":{"line":182,"column":5}},"134":{"start":{"line":180,"column":37},"end":{"line":180,"column":66}},"135":{"start":{"line":181,"column":6},"end":{"line":181,"column":74}},"136":{"start":{"line":184,"column":4},"end":{"line":184,"column":69}},"137":{"start":{"line":185,"column":4},"end":{"line":185,"column":22}},"138":{"start":{"line":187,"column":4},"end":{"line":187,"column":48}},"139":{"start":{"line":189,"column":4},"end":{"line":189,"column":60}},"140":{"start":{"line":190,"column":4},"end":{"line":190,"column":68}},"141":{"start":{"line":159,"column":13},"end":{"line":159,"column":28}},"142":{"start":{"line":194,"column":37},"end":{"line":212,"column":2}},"143":{"start":{"line":194,"column":75},"end":{"line":212,"column":2}},"144":{"start":{"line":195,"column":2},"end":{"line":211,"column":3}},"145":{"start":{"line":196,"column":19},"end":{"line":196,"column":29}},"146":{"start":{"line":197,"column":4},"end":{"line":197,"column":89}},"147":{"start":{"line":197,"column":17},"end":{"line":197,"column":89}},"148":{"start":{"line":199,"column":22},"end":{"line":199,"column":36}},"149":{"start":{"line":200,"column":25},"end":{"line":200,"column":63}},"150":{"start":{"line":202,"column":18},"end":{"line":204,"column":null}},"151":{"start":{"line":207,"column":4},"end":{"line":207,"column":20}},"152":{"start":{"line":209,"column":4},"end":{"line":209,"column":69}},"153":{"start":{"line":210,"column":4},"end":{"line":210,"column":68}},"154":{"start":{"line":194,"column":13},"end":{"line":194,"column":37}},"155":{"start":{"line":214,"column":32},"end":{"line":242,"column":2}},"156":{"start":{"line":214,"column":70},"end":{"line":242,"column":2}},"157":{"start":{"line":215,"column":2},"end":{"line":241,"column":3}},"158":{"start":{"line":216,"column":19},"end":{"line":216,"column":29}},"159":{"start":{"line":217,"column":19},"end":{"line":217,"column":36}},"160":{"start":{"line":219,"column":4},"end":{"line":219,"column":89}},"161":{"start":{"line":219,"column":17},"end":{"line":219,"column":89}},"162":{"start":{"line":221,"column":22},"end":{"line":221,"column":36}},"163":{"start":{"line":222,"column":25},"end":{"line":222,"column":63}},"164":{"start":{"line":224,"column":17},"end":{"line":224,"column":44}},"165":{"start":{"line":225,"column":4},"end":{"line":225,"column":78}},"166":{"start":{"line":225,"column":15},"end":{"line":225,"column":78}},"167":{"start":{"line":227,"column":22},"end":{"line":227,"column":94}},"168":{"start":{"line":227,"column":52},"end":{"line":227,"column":93}},"169":{"start":{"line":228,"column":4},"end":{"line":230,"column":5}},"170":{"start":{"line":229,"column":6},"end":{"line":229,"column":85}},"171":{"start":{"line":232,"column":4},"end":{"line":232,"column":36}},"172":{"start":{"line":233,"column":4},"end":{"line":235,"column":6}},"173":{"start":{"line":234,"column":14},"end":{"line":234,"column":55}},"174":{"start":{"line":236,"column":4},"end":{"line":236,"column":22}},"175":{"start":{"line":238,"column":4},"end":{"line":238,"column":55}},"176":{"start":{"line":240,"column":4},"end":{"line":240,"column":68}},"177":{"start":{"line":214,"column":13},"end":{"line":214,"column":32}},"178":{"start":{"line":244,"column":33},"end":{"line":271,"column":2}},"179":{"start":{"line":244,"column":71},"end":{"line":271,"column":2}},"180":{"start":{"line":245,"column":2},"end":{"line":270,"column":3}},"181":{"start":{"line":246,"column":19},"end":{"line":246,"column":29}},"182":{"start":{"line":247,"column":19},"end":{"line":247,"column":36}},"183":{"start":{"line":249,"column":4},"end":{"line":249,"column":89}},"184":{"start":{"line":249,"column":17},"end":{"line":249,"column":89}},"185":{"start":{"line":251,"column":22},"end":{"line":251,"column":36}},"186":{"start":{"line":252,"column":25},"end":{"line":252,"column":63}},"187":{"start":{"line":254,"column":17},"end":{"line":254,"column":44}},"188":{"start":{"line":255,"column":4},"end":{"line":255,"column":78}},"189":{"start":{"line":255,"column":15},"end":{"line":255,"column":78}},"190":{"start":{"line":257,"column":22},"end":{"line":257,"column":94}},"191":{"start":{"line":257,"column":52},"end":{"line":257,"column":93}},"192":{"start":{"line":258,"column":4},"end":{"line":260,"column":5}},"193":{"start":{"line":259,"column":6},"end":{"line":259,"column":85}},"194":{"start":{"line":262,"column":4},"end":{"line":264,"column":6}},"195":{"start":{"line":263,"column":14},"end":{"line":263,"column":55}},"196":{"start":{"line":265,"column":4},"end":{"line":265,"column":22}},"197":{"start":{"line":267,"column":4},"end":{"line":267,"column":48}},"198":{"start":{"line":269,"column":4},"end":{"line":269,"column":68}},"199":{"start":{"line":244,"column":13},"end":{"line":244,"column":33}}},"fnMap":{"0":{"name":"(anonymous_8)","decl":{"start":{"line":7,"column":26},"end":{"line":7,"column":33}},"loc":{"start":{"line":7,"column":64},"end":{"line":24,"column":2}}},"1":{"name":"(anonymous_9)","decl":{"start":{"line":7,"column":64},"end":{"line":7,"column":null}},"loc":{"start":{"line":7,"column":64},"end":{"line":24,"column":1}}},"2":{"name":"(anonymous_10)","decl":{"start":{"line":26,"column":26},"end":{"line":26,"column":33}},"loc":{"start":{"line":26,"column":64},"end":{"line":56,"column":2}}},"3":{"name":"(anonymous_11)","decl":{"start":{"line":26,"column":64},"end":{"line":26,"column":null}},"loc":{"start":{"line":26,"column":64},"end":{"line":56,"column":1}}},"4":
[...]
,"C:\\Users\\User\\OneDrive\\Bureau\\TFE\\server\\src\\middleware\\authorization.ts": {"path":"C:\\Users\\User\\OneDrive\\Bureau\\TFE\\server\\src\\middleware\\authorization.ts","statementMap":{"0":{"start":{"line":6,"column":0},"end":{"line":6,"column":16}},"1":{"start":{"line":3,"column":0},"end":{"line":3,"column":32}},"2":{"start":{"line":4,"column":0},"end":{"line":4,"column":40}},"3":{"start":{"line":7,"column":2},"end":{"line":44,"column":4}},"4":{"start":{"line":7,"column":67},"end":{"line":44,"column":4}},"5":{"start":{"line":8,"column":4},"end":{"line":43,"column":5}},"6":{"start":{"line":9,"column":21},"end":{"line":9,"column":31}},"7":{"start":{"line":10,"column":6},"end":{"line":12,"column":7}},"8":{"start":{"line":11,"column":8},"end":{"line":11,"column":80}},"9":{"start":{"line":15,"column":8},"end":{"line":17,"column":52}},"10":{"start":{"line":19,"column":21},"end":{"line":19,"column":44}},"11":{"start":{"line":21,"column":6},"end":{"line":23,"column":7}},"12":{"start":{"line":22,"column":8},"end":{"line":22,"column":74}},"13":{"start":{"line":25,"column":6},"end":{"line":27,"column":7}},"14":{"start":{"line":26,"column":8},"end":{"line":26,"column":74}},"15":{"start":{"line":29,"column":19},"end":{"line":29,"column":46}},"16":{"start":{"line":30,"column":6},"end":{"line":32,"column":7}},"17":{"start":{"line":31,"column":8},"end":{"line":31,"column":71}},"18":{"start":{"line":34,"column":23},"end":{"line":34,"column":65}},"19":{"start":{"line":34,"column":48},"end":{"line":34,"column":64}},"20":{"start":{"line":35,"column":6},"end":{"line":37,"column":7}},"21":{"start":{"line":36,"column":8},"end":{"line":36,"column":94}},"22":{"start":{"line":39,"column":6},"end":{"line":39,"column":20}},"23":{"start":{"line":41,"column":6},"end":{"line":41,"column":53}},"24":{"start":{"line":42,"column":6},"end":{"line":42,"column":65}}},"fnMap":{"0":{"name":"requireTeamMember","decl":{"start":{"line":6,"column":16},"end":{"line":6,"column":33}},"loc":{"start":{"line":6,"column":51},"end":{"line":45,"column":1}}},"1":{"name":"(anonymous_9)","decl":{"start":{"line":7,"column":9},"end":{"line":7,"column":16}},"loc":{"start":{"line":7,"column":67},"end":{"line":44,"column":4}}},"2":{"name":"(anonymous_10)","decl":{"start":{"line":7,"column":67},"end":{"line":7,"column":null}},"loc":{"start":{"line":7,"column":67},"end":{"line":44,"column":3}}},"3":{"name":"(anonymous_11)","decl":{"start":{"line":34,"column":41},"end":{"line":34,"column":42}},"loc":{"start":{"line":34,"column":48},"end":{"line":34,"column":64}}}},"branchMap":{"0":{"loc":{"start":{"line":10,"column":6},"end":{"line":12,"column":7}},"type":"if","locations":[{"start":{"line":10,"column":6},"end":{"line":12,"column":7}},{"start":{},"end":{}}]},"1":{"loc":{"start":{"line":15,"column":8},"end":{"line":17,"column":52}},"type":"cond-expr","locations":[{"start":{"line":16,"column":54},"end":{"line":16,"column":null}},{"start":{"line":17,"column":9},"end":{"line":17,"column":51}}]},"2":{"loc":{"start":{"line":15,"column":8},"end":{"line":16,"column":null}},"type":"binary-expr","locations":[{"start":{"line":15,"column":8},"end":{"line":16,"column":null}},{"start":{"line":16,"column":54},"end":{"line":16,"column":null}}]},"3":{"loc":{"start":{"line":15,"column":8},"end":{"line":16,"column":54}},"type":"cond-expr","locations":[{"start":{"line":15,"column":50},"end":{"line":15,"column":null}},{"start":{"line":16,"column":9},"end":{"line":16,"column":53}}]},"4":{"loc":{"start":{"line":15,"column":8},"end":{"line":15,"column":null}},"type":"binary-expr","locations":[{"start":{"line":15,"column":8},"end":{"line":15,"column":null}},{"start":{"line":15,"column":50},"end":{"line":15,"column":null}}]},"5":{"loc":{"start":{"line":15,"column":9},"end":{"line":15,"column":49}},"type":"binary-expr","locations":[{"start":{"line":15,"column":9},"end":{"line":15,"column":17}},{"start":{"line":15,"column":22},"end":{"line":15,"column":49}}]},"6":{"loc":{"start":{"line":16,"column":9},"end":{"line":16,"column":53}},"type":"binary-expr","locations":[{"start":{"line":16,"column":9},"end":{"line":16,"column":19}},{"start":{"line":16,"column":24},"end":{"line":16,"column":53}}]},"7":{"loc":{"start":{"line":17,"column":9},"end":{"line":17,"column":51}},"type":"binary-expr","locations":[{"start":{"line":17,"column":9},"end":{"line":17,"column":18}},{"start":{"line":17,"column":23},"end":{"line":17,"column":51}}]},"8":{"loc":{"start":{"line":19,"column":28},"end":{"line":19,"column":43}},"type":"binary-expr","locations":[{"start":{"line":19,"column":28},"end":{"line":19,"column":37}},{"start":{"line":19,"column":41},"end":{"line":19,"column":43}}]},"9":{"loc":{"start":{"line":21,"column":6},"end":{"line":23,"column":7}},"type":"if","locations":[{"start":{"line":21,"column":6},"end":{"line":23,"column":7}},{"start":{},"end":{}}]},"10":{"loc":{"start":{"line":25,"column":6},"end":{"line":27,"column":7}},"type":"if","locations":[{"start":{"line":25,"column":6},"end":{"line":27,"column":7}},{"start":{},"end":{}}]},"11":{"loc":{"start":{"line":30,"column":6},"end":{"line":32,"column":7}},"type":"if","locations":[{"start":{"line":30,"column":6},"end":{"line":32,"column":7}},{"start":{},"end":{}}]},"12":{"loc":{"start":{"line":35,"column":6},"end":{"line":37,"column":7}},"type":"if","locations":[{"start":{"line":35,"column":6},"end":{"line":37,"column":7}},{"start":{},"end":{}}]}},"s":{"0":1,"1":1,"2":1,"3":1,"4":1,"5":1,"6":1,"7":1,"8":0,"9":1,"10":1,"11":1,"12":0,"13":1,"14":0,"15":1,"16":1,"17":0,"18":1,"19":1,"20":1,"21":0,"22":1,"23":0,"24":0},"f":{"0":1,"1":1,"2":1,"3":1},"b":{"0":[0,1],"1":[1,0],"2":[1,1],"3":[1,0],"4":[1,1],"5":[1,1],"6":[0,0],"7":[0,0],"8":[1,0],"9":[0,1],"10":[0,1],"11":[0,1],"12":[0,1]}}
,"C:\\Users\\User\\OneDrive\\Bureau\\TFE\\server\\src\\middleware\\validate.ts": {"path":"C:\\Users\\User\\OneDrive\\Bureau\\TFE\\server\\src\\middleware\\validate.ts","statementMap":{"0":{"start":{"line":5,"column":28},"end":{"line":15,"column":1}},"1":{"start":{"line":6,"column":2},"end":{"line":14,"column":4}},"2":{"start":{"line":7,"column":19},"end":{"line":7,"column":45}},"3":{"start":{"line":8,"column":4},"end":{"line":11,"column":5}},"4":{"start":{"line":9,"column":21},"end":{"line":9,"column":60}},"5":{"start":{"line":9,"column":50},"end":{"line":9,"column":59}},"6":{"start":{"line":10,"column":6},"end":{"line":10,"column":75}},"7":{"start":{"line":12,"column":4},"end":{"line":12,"column":27}},"8":{"start":{"line":13,"column":4},"end":{"line":13,"column":11}},"9":{"start":{"line":5,"column":13},"end":{"line":5,"column":28}}},"fnMap":{"0":{"name":"(anonymous_0)","decl":{"start":{"line":5,"column":28},"end":{"line":5,"column":29}},"loc":{"start":{"line":5,"column":51},"end":{"line":15,"column":1}}},"1":{"name":"(anonymous_1)","decl":{"start":{"line":6,"column":9},"end":{"line":6,"column":10}},"loc":{"start":{"line":6,"column":61},"end":{"line":14,"column":3}}},"2":{"name":"(anonymous_2)","decl":{"start":{"line":9,"column":45},"end":{"line":9,"column":46}},"loc":{"start":{"line":9,"column":50},"end":{"line":9,"column":59}}}},"branchMap":{"0":{"loc":{"start":{"line":8,"column":4},"end":{"line":11,"column":5}},"type":"if","locations":[{"start":{"line":8,"column":4},"end":{"line":11,"column":5}},{"start":{},"end":{}}]}},"s":{"0":3,"1":6,"2":13,"3":13,"4":3,"5":7,"6":3,"7":10,"8":10,"9":3},"f":{"0":6,"1":13,"2":7},"b":{"0":[3,10]}}
,"C:\\Users\\User\\OneDrive\\Bureau\\TFE\\server\\src\\models\\scrim.model.ts": {"path":"C:\\Users\\User\\OneDrive\\Bureau\\TFE\\server\\src\\models\\scrim.model.ts","statementMap":{"0":{"start":{"line":1,"column":0},"end":{"line":1,"column":32}},"1":{"start":{"line":3,"column":22},"end":{"line":7,"column":2}},"2":{"start":{"line":9,"column":20},"end":{"line":30,"column":null}},"3":{"start":{"line":33,"column":0},"end":{"line":33,"column":52}}},"fnMap":{},"branchMap":{},"s":{"0":2,"1":2,"2":2,"3":2},"f":{},"b":{}}
,"C:\\Users\\User\\OneDrive\\Bureau\\TFE\\server\\src\\models\\team.model.ts": {"path":"C:\\Users\\User\\OneDrive\\Bureau\\TFE\\server\\src\\models\\team.model.ts","statementMap":{"0":{"start":{"line":1,"column":0},"end":{"line":1,"column":32}},"1":{"start":{"line":3,"column":19},"end":{"line":9,"column":24}},"2":{"start":{"line":11,"column":0},"end":{"line":11,"column":50}}},"fnMap":{},"branchMap":{},"s":{"0":3,"1":3,"2":3},"f":{},"b":{}}
,"C:\\Users\\User\\OneDrive\\Bureau\\TFE\\server\\src\\models\\user.model.ts": {"path":"C:\\Users\\User\\OneDrive\\Bureau\\TFE\\server\\src\\models\\user.model.ts","statementMap":{"0":{"start":{"line":1,"column":0},"end":{"line":1,"column":54}},"1":{"start":{"line":34,"column":19},"end":{"line":86,"column":null}},"2":{"start":{"line":50,"column":8},"end":{"line":50,"column":30}},"3":{"start":{"line":89,"column":0},"end":{"line":96,"column":3}},"4":{"start":{"line":91,"column":4},"end":{"line":91,"column":24}},"5":{"start":{"line":92,"column":4},"end":{"line":92,"column":42}},"6":{"start":{"line":93,"column":4},"end":{"line":93,"column":40}},"7":{"start":{"line":94,"column":4},"end":{"line":94,"column":15}},"8":{"start":{"line":98,"column":0},"end":{"line":98,"column":57}}},"fnMap":{"0":{"name":"(anonymous_9)","decl":{"start":{"line":49,"column":16},"end":{"line":49,"column":null}},"loc":{"start":{"line":49,"column":16},"end":{"line":51,"column":7}}},"1":{"name":"(anonymous_10)","decl":{"start":{"line":90,"column":2},"end":{"line":90,"column":11}},"loc":{"start":{"line":90,"column":21},"end":{"line":95,"column":3}}}},"branchMap":{},"s":{"0":5,"1":5,"2":2,"3":5,"4":4,"5":4,"6":4,"7":4,"8":5},"f":{"0":2,"1":4},"b":{}}
,"C:\\Users\\User\\OneDrive\\Bureau\\TFE\\server\\src\\routes\\auth.routes.ts": {"path":"C:\\Users\\User\\OneDrive\\Bureau\\TFE\\server\\src\\routes\\auth.routes.ts","statementMap":{"0":{"start":{"line":1,"column":0},"end":{"line":1,"column":33}},"1":{"start":{"line":2,"column":0},"end":{"line":2,"column":65}},"2":{"start":{"line":3,"column":0},"end":{"line":3,"column":54}},"3":{"start":{"line":4,"column":0},"end":{"line":4,"column":72}},"4":{"start":{"line":6,"column":15},"end":{"line":6,"column":23}},"5":{"start":{"line":8,"column":0},"end":{"line":8,"column":80}},"6":{"start":{"line":9,"column":0},"end":{"line":9,"column":71}},"7":{"start":{"line":11,"column":0},"end":{"line":11,"column":22}}},"fnMap":{},"branchMap":{},"s":{"0":2,"1":2,"2":2,"3":2,"4":2,"5":2,"6":2,"7":2},"f":{},"b":{}}
,"C:\\Users\\User\\OneDrive\\Bureau\\TFE\\server\\src\\routes\\scrim.routes.ts": {"path":"C:\\Users\\User\\OneDrive\\Bureau\\TFE\\server\\src\\routes\\scrim.routes.ts","statementMap":{"0":{"start":{"line":1,"column":0},"end":{"line":1,"column":33}},"1":{"start":{"line":2,"column":0},"end":{"line":2,"column":67}},"2":{"start":{"line":3,"column":0},"end":{"line":3,"column":61}},"3":{"start":{"line":5,"column":0},"end":{"line":5,"column":54}},"4":{"start":{"line":6,"column":0},"end":{"line":6,"column":64}},"5":{"start":{"line":7,"column":0},"end":{"line":7,"column":63}},"6":{"start":{"line":9,"column":15},"end":{"line":9,"column":23}},"7":{"start":{"line":11,"column":0},"end":{"line":11,"column":64}},"8":{"start":{"line":13,"column":0},"end":{"line":13,"column":68}},"9":{"start":{"line":15,"column":0},"end":{"line":21,"column":2}},"10":{"start":{"line":23,"column":0},"end":{"line":23,"column":77}},"11":{"start":{"line":25,"column":0},"end":{"line":25,"column":79}},"12":{"start":{"line":27,"column":0},"end":{"line":27,"column":81}},"13":{"start":{"line":28,"column":0},"end":{"line":28,"column":87}},"14":{"start":{"line":30,"column":0},"end":{"line":30,"column":82}},"15":{"start":{"line":32,"column":0},"end":{"line":32,"column":22}}},"fnMap":{},"branchMap":{},"s":{"0":1,"1":1,"2":1,"3":1,"4":1,"5":1,"6":1,"7":1,"8":1,"9":1,"10":1,"11":1,"12":1,"13":1,"14":1,"15":1},"f":{},"b":{}}
,"C:\\Users\\User\\OneDrive\\Bureau\\TFE\\server\\src\\routes\\team.routes.ts": {"path":"C:\\Users\\User\\OneDrive\\Bureau\\TFE\\server\\src\\routes\\team.routes.ts","statementMap":{"0":{"start":{"line":1,"column":0},"end":{"line":1,"column":30}},"1":{"start":{"line":2,"column":0},"end":{"line":2,"column":61}},"2":{"start":{"line":3,"column":0},"end":{"line":3,"column":null}},"3":{"start":{"line":16,"column":15},"end":{"line":16,"column":31}},"4":{"start":{"line":18,"column":0},"end":{"line":18,"column":43}},"5":{"start":{"line":19,"column":0},"end":{"line":19,"column":47}},"6":{"start":{"line":20,"column":0},"end":{"line":20,"column":64}},"7":{"start":{"line":21,"column":0},"end":{"line":21,"column":46}},"8":{"start":{"line":23,"column":0},"end":{"line":23,"column":55}},"9":{"start":{"line":25,"column":0},"end":{"line":25,"column":63}},"10":{"start":{"line":26,"column":0},"end":{"line":26,"column":65}},"11":{"start":{"line":27,"column":0},"end":{"line":27,"column":51}},"12":{"start":{"line":28,"column":0},"end":{"line":28,"column":68}},"13":{"start":{"line":30,"column":0},"end":{"line":30,"column":48}},"14":{"start":{"line":32,"column":0},"end":{"line":32,"column":22}}},"fnMap":{},"branchMap":{},"s":{"0":1,"1":1,"2":1,"3":1,"4":1,"5":1,"6":1,"7":1,"8":1,"9":1,"10":1,"11":1,"12":1,"13":1,"14":1},"f":{},"b":{}}
,"C:\\Users\\User\\OneDrive\\Bureau\\TFE\\server\\src\\routes\\user.routes.ts": {"path":"C:\\Users\\User\\OneDrive\\Bureau\\TFE\\server\\src\\routes\\user.routes.ts","statementMap":{"0":{"start":{"line":1,"column":0},"end":{"line":1,"column":30}},"1":{"start":{"line":2,"column":0},"end":{"line":2,"column":61}},"2":{"start":{"line":3,"column":0},"end":{"line":3,"column":null}},"3":{"start":{"line":10,"column":15},"end":{"line":10,"column":31}},"4":{"start":{"line":12,"column":0},"end":{"line":12,"column":44}},"5":{"start":{"line":13,"column":0},"end":{"line":13,"column":47}},"6":{"start":{"line":15,"column":0},"end":{"line":15,"column":79}},"7":{"start":{"line":17,"column":0},"end":{"line":17,"column":55}},"8":{"start":{"line":19,"column":0},"end":{"line":19,"column":22}}},"fnMap":{},"branchMap":{},"s":{"0":2,"1":2,"2":2,"3":2,"4":2,"5":2,"6":2,"7":2,"8":2},"f":{},"b":{}}
,"C:\\Users\\User\\OneDrive\\Bureau\\TFE\\server\\src\\validation\\auth.schema.ts": {"path":"C:\\Users\\User\\OneDrive\\Bureau\\TFE\\server\\src\\validation\\auth.schema.ts","statementMap":{"0":{"start":{"line":1,"column":0},"end":{"line":1,"column":24}},"1":{"start":{"line":3,"column":13},"end":{"line":18,"column":2}},"2":{"start":{"line":21,"column":2},"end":{"line":21,"column":73}},"3":{"start":{"line":23,"column":15},"end":{"line":34,"column":71}},"4":{"start":{"line":30,"column":18},"end":{"line":30,"column":44}},"5":{"start":{"line":31,"column":4},"end":{"line":31,"column":41}},"6":{"start":{"line":31,"column":28},"end":{"line":31,"column":41}},"7":{"start":{"line":32,"column":19},"end":{"line":32,"column":27}},"8":{"start":{"line":33,"column":4},"end":{"line":33,"column":51}},"9":{"start":{"line":36,"column":13},"end":{"line":40,"column":3}},"10":{"start":{"line":42,"column":13},"end":{"line":45,"column":3}}},"fnMap":{"0":{"name":"(anonymous_0)","decl":{"start":{"line":29,"column":10},"end":{"line":29,"column":11}},"loc":{"start":{"line":29,"column":16},"end":{"line":34,"column":3}}}},"branchMap":{"0":{"loc":{"start":{"line":31,"column":4},"end":{"line":31,"column":41}},"type":"if","locations":[{"start":{"line":31,"column":4},"end":{"line":31,"column":41}},{"start":{},"end":{}}]}},"s":{"0":2,"1":2,"2":2,"3":2,"4":10,"5":10,"6":1,"7":9,"8":9,"9":2,"10":2},"f":{"0":10},"b":{"0":[1,9]}}
,"C:\\Users\\User\\OneDrive\\Bureau\\TFE\\server\\src\\validation\\scrim.schema.ts": {"path":"C:\\Users\\User\\OneDrive\\Bureau\\TFE\\server\\src\\validation\\scrim.schema.ts","statementMap":{"0":{"start":{"line":1,"column":0},"end":{"line":1,"column":24}},"1":{"start":{"line":2,"column":0},"end":{"line":2,"column":32}},"2":{"start":{"line":4,"column":13},"end":{"line":9,"column":3}},"3":{"start":{"line":8,"column":35},"end":{"line":8,"column":62}}},"fnMap":{"0":{"name":"(anonymous_1)","decl":{"start":{"line":8,"column":28},"end":{"line":8,"column":29}},"loc":{"start":{"line":8,"column":35},"end":{"line":8,"column":62}}}},"branchMap":{},"s":{"0":1,"1":1,"2":1,"3":1},"f":{"0":1},"b":{}}
,"C:\\Users\\User\\OneDrive\\Bureau\\TFE\\server\\tests\\utils\\mockExpress.ts": {"path":"C:\\Users\\User\\OneDrive\\Bureau\\TFE\\server\\tests\\utils\\mockExpress.ts","statementMap":{"0":{"start":{"line":3,"column":23},"end":{"line":9,"column":1}},"1":{"start":{"line":4,"column":14},"end":{"line":4,"column":28}},"2":{"start":{"line":5,"column":3},"end":{"line":5,"column":55}},"3":{"start":{"line":6,"column":3},"end":{"line":6,"column":53}},"4":{"start":{"line":7,"column":3},"end":{"line":7,"column":53}},"5":{"start":{"line":8,"column":2},"end":{"line":8,"column":13}},"6":{"start":{"line":3,"column":13},"end":{"line":3,"column":23}},"7":{"start":{"line":11,"column":23},"end":{"line":19,"column":1}},"8":{"start":{"line":12,"column":2},"end":{"line":18,"column":26}},"9":{"start":{"line":11,"column":13},"end":{"line":11,"column":23}},"10":{"start":{"line":21,"column":24},"end":{"line":21,"column":80}},"11":{"start":{"line":21,"column":44},"end":{"line":21,"column":80}},"12":{"start":{"line":21,"column":13},"end":{"line":21,"column":24}}},"fnMap":{"0":{"name":"(anonymous_0)","decl":{"start":{"line":3,"column":23},"end":{"line":3,"column":36}},"loc":{"start":{"line":3,"column":38},"end":{"line":9,"column":1}}},"1":{"name":"(anonymous_1)","decl":{"start":{"line":11,"column":23},"end":{"line":11,"column":24}},"loc":{"start":{"line":11,"column":69},"end":{"line":19,"column":1}}},"2":{"name":"(anonymous_2)","decl":{"start":{"line":21,"column":24},"end":{"line":21,"column":41}},"loc":{"start":{"line":21,"column":44},"end":{"line":21,"column":80}}}},"branchMap":{"0":{"loc":{"start":{"line":11,"column":24},"end":{"line":11,"column":56}},"type":"default-arg","locations":[{"start":{"line":11,"column":54},"end":{"line":11,"column":56}}]}},"s":{"0":1,"1":2,"2":2,"3":2,"4":2,"5":2,"6":1,"7":1,"8":2,"9":1,"10":1,"11":0,"12":1},"f":{"0":2,"1":2,"2":0},"b":{"0":[0]}}
}
