{"C:\\Users\\User\\OneDrive\\Bureau\\TFE\\server\\src\\controllers\\auth.controller.ts": {"path":"C:\\Users\\User\\OneDrive\\Bureau\\TFE\\server\\src\\controllers\\auth.controller.ts","statementMap":{"0":{"start":{"line":2,"column":0},"end":{"line":2,"column":28}},"1":{"start":{"line":3,"column":0},"end":{"line":3,"column":31}},"2":{"start":{"line":4,"column":0},"end":{"line":4,"column":40}},"3":{"start":{"line":5,"column":0},"end":{"line":5,"column":53}},"4":{"start":{"line":6,"column":0},"end":{"line":6,"column":28}},"5":{"start":{"line":7,"column":0},"end":{"line":7,"column":16}},"6":{"start":{"line":9,"column":19},"end":{"line":9,"column":51}},"7":{"start":{"line":11,"column":24},"end":{"line":39,"column":2}},"8":{"start":{"line":11,"column":62},"end":{"line":39,"column":2}},"9":{"start":{"line":12,"column":40},"end":{"line":12,"column":48}},"10":{"start":{"line":13,"column":2},"end":{"line":13,"column":104}},"11":{"start":{"line":15,"column":2},"end":{"line":38,"column":3}},"12":{"start":{"line":16,"column":4},"end":{"line":18,"column":5}},"13":{"start":{"line":17,"column":6},"end":{"line":17,"column":84}},"14":{"start":{"line":21,"column":30},"end":{"line":21,"column":59}},"15":{"start":{"line":22,"column":4},"end":{"line":24,"column":5}},"16":{"start":{"line":23,"column":6},"end":{"line":23,"column":69}},"17":{"start":{"line":26,"column":29},"end":{"line":26,"column":61}},"18":{"start":{"line":27,"column":4},"end":{"line":29,"column":5}},"19":{"start":{"line":28,"column":6},"end":{"line":28,"column":79}},"20":{"start":{"line":31,"column":27},"end":{"line":31,"column":58}},"21":{"start":{"line":32,"column":17},"end":{"line":32,"column":81}},"22":{"start":{"line":34,"column":4},"end":{"line":34,"column":76}},"23":{"start":{"line":36,"column":4},"end":{"line":36,"column":58}},"24":{"start":{"line":37,"column":4},"end":{"line":37,"column":68}},"25":{"start":{"line":11,"column":13},"end":{"line":11,"column":24}},"26":{"start":{"line":42,"column":21},"end":{"line":86,"column":2}},"27":{"start":{"line":42,"column":59},"end":{"line":86,"column":2}},"28":{"start":{"line":44,"column":17},"end":{"line":44,"column":38}},"29":{"start":{"line":45,"column":2},"end":{"line":47,"column":3}},"30":{"start":{"line":46,"column":4},"end":{"line":46,"column":60}},"31":{"start":{"line":49,"column":30},"end":{"line":49,"column":38}},"32":{"start":{"line":51,"column":2},"end":{"line":85,"column":3}},"33":{"start":{"line":52,"column":4},"end":{"line":52,"column":42}},"34":{"start":{"line":53,"column":17},"end":{"line":53,"column":46}},"35":{"start":{"line":55,"column":4},"end":{"line":59,"column":5}},"36":{"start":{"line":56,"column":6},"end":{"line":56,"column":46}},"37":{"start":{"line":58,"column":6},"end":{"line":58,"column":74}},"38":{"start":{"line":61,"column":20},"end":{"line":61,"column":71}},"39":{"start":{"line":62,"column":4},"end":{"line":62,"column":54}},"40":{"start":{"line":64,"column":4},"end":{"line":67,"column":5}},"41":{"start":{"line":65,"column":6},"end":{"line":65,"column":46}},"42":{"start":{"line":66,"column":6},"end":{"line":66,"column":74}},"43":{"start":{"line":69,"column":4},"end":{"line":69,"column":48}},"44":{"start":{"line":70,"column":4},"end":{"line":70,"column":47}},"45":{"start":{"line":72,"column":18},"end":{"line":72,"column":77}},"46":{"start":{"line":74,"column":4},"end":{"line":81,"column":7}},"47":{"start":{"line":83,"column":4},"end":{"line":83,"column":51}},"48":{"start":{"line":84,"column":4},"end":{"line":84,"column":68}},"49":{"start":{"line":42,"column":13},"end":{"line":42,"column":21}}},"fnMap":{"0":{"name":"(anonymous_8)","decl":{"start":{"line":11,"column":24},"end":{"line":11,"column":31}},"loc":{"start":{"line":11,"column":62},"end":{"line":39,"column":2}}},"1":{"name":"(anonymous_9)","decl":{"start":{"line":11,"column":62},"end":{"line":11,"column":null}},"loc":{"start":{"line":11,"column":62},"end":{"line":39,"column":1}}},"2":{"name":"(anonymous_10)","decl":{"start":{"line":42,"column":21},"end":{"line":42,"column":28}},"loc":{"start":{"line":42,"column":59},"end":{"line":86,"column":2}}},"3":{"name":"(anonymous_11)","decl":{"start":{"line":42,"column":59},"end":{"line":42,"column":null}},"loc":{"start":{"line":42,"column":59},"end":{"line":86,"column":1}}}},"branchMap":{"0":{"loc":{"start":{"line":13,"column":72},"end":{"line":13,"column":100}},"type":"cond-expr","locations":[{"start":{"line":13,"column":83},"end":{"line":13,"column":88}},{"start":{"line":13,"column":91},"end":{"line":13,"column":100}}]},"1":{"loc":{"start":{"line":16,"column":4},"end":{"line":18,"column":5}},"type":"if","locations":[{"start":{"line":16,"column":4},"end":{"line":18,"column":5}},{"start":{},"end":{}}]},"2":{"loc":{"start":{"line":16,"column":8},"end":{"line":16,"column":40}},"type":"binary-expr","locations":[{"start":{"line":16,"column":8},"end":{"line":16,"column":17}},{"start":{"line":16,"column":21},"end":{"line":16,"column":27}},{"start":{"line":16,"column":31},"end":{"line":16,"column":40}}]},"3":{"loc":{"start":{"line":22,"column":4},"end":{"line":24,"column":5}},"type":"if","locations":[{"start":{"line":22,"column":4},"end":{"line":24,"column":5}},{"start":{},"end":{}}]},"4":{"loc":{"start":{"line":27,"column":4},"end":{"line":29,"column":5}},"type":"if","locations":[{"start":{"line":27,"column":4},"end":{"line":29,"column":5}},{"start":{},"end":{}}]},"5":{"loc":{"start":{"line":45,"column":2},"end":{"line":47,"column":3}},"type":"if","locations":[{"start":{"line":45,"column":2},"end":{"line":47,"column":3}},{"start":{},"end":{}}]},"6":{"loc":{"start":{"line":55,"column":4},"end":{"line":59,"column":5}},"type":"if","locations":[{"start":{"line":55,"column":4},"end":{"line":59,"column":5}},{"start":{},"end":{}}]},"7":{"loc":{"start":{"line":61,"column":51},"end":{"line":61,"column":70}},"type":"cond-expr","locations":[{"start":{"line":61,"column":64},"end":{"line":61,"column":68}},{"start":{"line":61,"column":68},"end":{"line":61,"column":70}}]},"8":{"loc":{"start":{"line":61,"column":51},"end":{"line":61,"column":68}},"type":"binary-expr","locations":[{"start":{"line":61,"column":51},"end":{"line":61,"column":68}},{"start":{"line":61,"column":64},"end":{"line":61,"column":68}}]},"9":{"loc":{"start":{"line":64,"column":4},"end":{"line":67,"column":5}},"type":"if","locations":[{"start":{"line":64,"column":4},"end":{"line":67,"column":5}},{"start":{},"end":{}}]}},"s":{"0":1,"1":1,"2":1,"3":1,"4":1,"5":1,"6":1,"7":1,"8":3,"9":3,"10":3,"11":3,"12":3,"13":1,"14":2,"15":2,"16":1,"17":1,"18":1,"19":0,"20":1,"21":1,"22":1,"23":0,"24":0,"25":1,"26":1,"27":4,"28":4,"29":4,"30":1,"31":3,"32":3,"33":3,"34":3,"35":3,"36":1,"37":1,"38":2,"39":2,"40":2,"41":1,"42":1,"43":1,"44":1,"45":1,"46":1,"47":0,"48":0,"49":1},"f":{"0":3,"1":3,"2":4,"3":4},"b":{"0":[2,1],"1":[1,2],"2":[3,2,2],"3":[1,1],"4":[0,1],"5":[1,3],"6":[1,2],"7":[2,0],"8":[2,2],"9":[1,1]}}
,"C:\\Users\\User\\OneDrive\\Bureau\\TFE\\server\\src\\controllers\\user.controller.ts": {"path":"C:\\Users\\User\\OneDrive\\Bureau\\TFE\\server\\src\\controllers\\user.controller.ts","statementMap":{"0":{"start":{"line":1,"column":0},"end":{"line":1,"column":40}},"1":{"start":{"line":4,"column":26},"end":{"line":15,"column":2}},"2":{"start":{"line":4,"column":64},"end":{"line":15,"column":2}},"3":{"start":{"line":5,"column":2},"end":{"line":14,"column":3}},"4":{"start":{"line":6,"column":17},"end":{"line":6,"column":68}},"5":{"start":{"line":7,"column":4},"end":{"line":9,"column":5}},"6":{"start":{"line":8,"column":6},"end":{"line":8,"column":73}},"7":{"start":{"line":10,"column":4},"end":{"line":10,"column":19}},"8":{"start":{"line":12,"column":4},"end":{"line":12,"column":73}},"9":{"start":{"line":13,"column":4},"end":{"line":13,"column":63}},"10":{"start":{"line":4,"column":13},"end":{"line":4,"column":26}},"11":{"start":{"line":17,"column":29},"end":{"line":55,"column":2}},"12":{"start":{"line":17,"column":67},"end":{"line":55,"column":2}},"13":{"start":{"line":18,"column":17},"end":{"line":18,"column":27}},"14":{"start":{"line":30,"column":6},"end":{"line":30,"column":14}},"15":{"start":{"line":32,"column":2},"end":{"line":54,"column":3}},"16":{"start":{"line":33,"column":24},"end":{"line":47,"column":null}},"17":{"start":{"line":50,"column":4},"end":{"line":50,"column":38}},"18":{"start":{"line":52,"column":4},"end":{"line":52,"column":70}},"19":{"start":{"line":53,"column":4},"end":{"line":53,"column":68}},"20":{"start":{"line":17,"column":13},"end":{"line":17,"column":29}}},"fnMap":{"0":{"name":"(anonymous_8)","decl":{"start":{"line":4,"column":26},"end":{"line":4,"column":33}},"loc":{"start":{"line":4,"column":64},"end":{"line":15,"column":2}}},"1":{"name":"(anonymous_9)","decl":{"start":{"line":4,"column":64},"end":{"line":4,"column":null}},"loc":{"start":{"line":4,"column":64},"end":{"line":15,"column":1}}},"2":{"name":"(anonymous_10)","decl":{"start":{"line":17,"column":29},"end":{"line":17,"column":36}},"loc":{"start":{"line":17,"column":67},"end":{"line":55,"column":2}}},"3":{"name":"(anonymous_11)","decl":{"start":{"line":17,"column":67},"end":{"line":17,"column":null}},"loc":{"start":{"line":17,"column":67},"end":{"line":55,"column":1}}}},"branchMap":{"0":{"loc":{"start":{"line":7,"column":4},"end":{"line":9,"column":5}},"type":"if","locations":[{"start":{"line":7,"column":4},"end":{"line":9,"column":5}},{"start":{},"end":{}}]}},"s":{"0":1,"1":1,"2":3,"3":3,"4":3,"5":2,"6":1,"7":1,"8":1,"9":1,"10":1,"11":1,"12":2,"13":2,"14":2,"15":2,"16":2,"17":1,"18":1,"19":1,"20":1},"f":{"0":3,"1":3,"2":2,"3":2},"b":{"0":[1,1]}}
,"C:\\Users\\User\\OneDrive\\Bureau\\TFE\\server\\src\\middleware\\auth.middleware.ts": {"path":"C:\\Users\\User\\OneDrive\\Bureau\\TFE\\server\\src\\middleware\\auth.middleware.ts","statementMap":{"0":{"start":{"line":2,"column":0},"end":{"line":2,"column":31}},"1":{"start":{"line":3,"column":0},"end":{"line":3,"column":28}},"2":{"start":{"line":4,"column":0},"end":{"line":4,"column":16}},"3":{"start":{"line":6,"column":19},"end":{"line":6,"column":51}},"4":{"start":{"line":18,"column":28},"end":{"line":34,"column":1}},"5":{"start":{"line":19,"column":21},"end":{"line":19,"column":46}},"6":{"start":{"line":21,"column":2},"end":{"line":23,"column":3}},"7":{"start":{"line":22,"column":4},"end":{"line":22,"column":67}},"8":{"start":{"line":25,"column":16},"end":{"line":25,"column":40}},"9":{"start":{"line":27,"column":2},"end":{"line":33,"column":3}},"10":{"start":{"line":28,"column":20},"end":{"line":28,"column":63}},"11":{"start":{"line":29,"column":4},"end":{"line":29,"column":28}},"12":{"start":{"line":30,"column":4},"end":{"line":30,"column":11}},"13":{"start":{"line":32,"column":4},"end":{"line":32,"column":63}},"14":{"start":{"line":18,"column":13},"end":{"line":18,"column":28}}},"fnMap":{"0":{"name":"(anonymous_1)","decl":{"start":{"line":18,"column":28},"end":{"line":18,"column":29}},"loc":{"start":{"line":18,"column":80},"end":{"line":34,"column":1}}}},"branchMap":{"0":{"loc":{"start":{"line":21,"column":2},"end":{"line":23,"column":3}},"type":"if","locations":[{"start":{"line":21,"column":2},"end":{"line":23,"column":3}},{"start":{},"end":{}}]},"1":{"loc":{"start":{"line":21,"column":6},"end":{"line":21,"column":54}},"type":"binary-expr","locations":[{"start":{"line":21,"column":6},"end":{"line":21,"column":17}},{"start":{"line":21,"column":21},"end":{"line":21,"column":54}}]}},"s":{"0":1,"1":1,"2":1,"3":1,"4":1,"5":4,"6":4,"7":2,"8":2,"9":2,"10":2,"11":1,"12":1,"13":1,"14":1},"f":{"0":4},"b":{"0":[2,2],"1":[4,3]}}
,"C:\\Users\\User\\OneDrive\\Bureau\\TFE\\server\\src\\models\\user.model.ts": {"path":"C:\\Users\\User\\OneDrive\\Bureau\\TFE\\server\\src\\models\\user.model.ts","statementMap":{"0":{"start":{"line":1,"column":0},"end":{"line":1,"column":32}},"1":{"start":{"line":3,"column":19},"end":{"line":29,"column":24}},"2":{"start":{"line":15,"column":6},"end":{"line":15,"column":28}},"3":{"start":{"line":31,"column":0},"end":{"line":31,"column":50}}},"fnMap":{"0":{"name":"(anonymous_1)","decl":{"start":{"line":14,"column":14},"end":{"line":14,"column":null}},"loc":{"start":{"line":14,"column":14},"end":{"line":16,"column":5}}}},"branchMap":{},"s":{"0":2,"1":2,"2":0,"3":2},"f":{"0":0},"b":{}}
,"C:\\Users\\User\\OneDrive\\Bureau\\TFE\\server\\src\\routes\\auth.routes.ts": {"path":"C:\\Users\\User\\OneDrive\\Bureau\\TFE\\server\\src\\routes\\auth.routes.ts","statementMap":{"0":{"start":{"line":1,"column":0},"end":{"line":1,"column":30}},"1":{"start":{"line":2,"column":0},"end":{"line":2,"column":41}},"2":{"start":{"line":3,"column":0},"end":{"line":3,"column":43}},"3":{"start":{"line":4,"column":0},"end":{"line":4,"column":65}},"4":{"start":{"line":6,"column":15},"end":{"line":6,"column":31}},"5":{"start":{"line":9,"column":21},"end":{"line":13,"column":2}},"6":{"start":{"line":15,"column":0},"end":{"line":21,"column":2}},"7":{"start":{"line":23,"column":0},"end":{"line":29,"column":2}},"8":{"start":{"line":31,"column":0},"end":{"line":31,"column":22}}},"fnMap":{},"branchMap":{},"s":{"0":1,"1":1,"2":1,"3":1,"4":1,"5":1,"6":1,"7":1,"8":1},"f":{},"b":{}}
}
