TN:
SF:src\controllers\auth.controller.ts
FN:11,(anonymous_8)
FN:11,(anonymous_9)
FN:42,(anonymous_10)
FN:42,(anonymous_11)
FNF:4
FNH:4
FNDA:3,(anonymous_8)
FNDA:3,(anonymous_9)
FNDA:4,(anonymous_10)
FNDA:4,(anonymous_11)
DA:2,1
DA:3,1
DA:4,1
DA:5,1
DA:6,1
DA:7,1
DA:9,1
DA:11,3
DA:12,3
DA:13,3
DA:15,3
DA:16,3
DA:17,1
DA:21,2
DA:22,2
DA:23,1
DA:26,1
DA:27,1
DA:28,0
DA:31,1
DA:32,1
DA:34,1
DA:36,0
DA:37,0
DA:42,4
DA:44,4
DA:45,4
DA:46,1
DA:49,3
DA:51,3
DA:52,3
DA:53,3
DA:55,3
DA:56,1
DA:58,1
DA:61,2
DA:62,2
DA:64,2
DA:65,1
DA:66,1
DA:69,1
DA:70,1
DA:72,1
DA:74,1
DA:83,0
DA:84,0
LF:46
LH:41
BRDA:13,0,0,2
BRDA:13,0,1,1
BRDA:16,1,0,1
BRDA:16,1,1,2
BRDA:16,2,0,3
BRDA:16,2,1,2
BRDA:16,2,2,2
BRDA:22,3,0,1
BRDA:22,3,1,1
BRDA:27,4,0,0
BRDA:27,4,1,1
BRDA:45,5,0,1
BRDA:45,5,1,3
BRDA:55,6,0,1
BRDA:55,6,1,2
BRDA:61,7,0,2
BRDA:61,7,1,0
BRDA:61,8,0,2
BRDA:61,8,1,2
BRDA:64,9,0,1
BRDA:64,9,1,1
BRF:21
BRH:19
end_of_record
TN:
SF:src\controllers\user.controller.ts
FN:4,(anonymous_8)
FN:4,(anonymous_9)
FN:17,(anonymous_10)
FN:17,(anonymous_11)
FNF:4
FNH:4
FNDA:3,(anonymous_8)
FNDA:3,(anonymous_9)
FNDA:2,(anonymous_10)
FNDA:2,(anonymous_11)
DA:1,1
DA:4,3
DA:5,3
DA:6,3
DA:7,2
DA:8,1
DA:10,1
DA:12,1
DA:13,1
DA:17,2
DA:18,2
DA:30,2
DA:32,2
DA:33,2
DA:50,1
DA:52,1
DA:53,1
LF:17
LH:17
BRDA:7,0,0,1
BRDA:7,0,1,1
BRF:2
BRH:2
end_of_record
TN:
SF:src\middleware\auth.middleware.ts
FN:18,(anonymous_1)
FNF:1
FNH:1
FNDA:4,(anonymous_1)
DA:2,1
DA:3,1
DA:4,1
DA:6,1
DA:18,1
DA:19,4
DA:21,4
DA:22,2
DA:25,2
DA:27,2
DA:28,2
DA:29,1
DA:30,1
DA:32,1
LF:14
LH:14
BRDA:21,0,0,2
BRDA:21,0,1,2
BRDA:21,1,0,4
BRDA:21,1,1,3
BRF:4
BRH:4
end_of_record
TN:
SF:src\models\user.model.ts
FN:14,(anonymous_1)
FNF:1
FNH:0
FNDA:0,(anonymous_1)
DA:1,2
DA:3,2
DA:15,0
DA:31,2
LF:4
LH:3
BRF:0
BRH:0
end_of_record
TN:
SF:src\routes\auth.routes.ts
FNF:0
FNH:0
DA:1,1
DA:2,1
DA:3,1
DA:4,1
DA:6,1
DA:9,1
DA:15,1
DA:23,1
DA:31,1
LF:9
LH:9
BRF:0
BRH:0
end_of_record
