TN:
SF:src\controllers\auth.controller.ts
FN:9,(anonymous_8)
FN:9,(anonymous_9)
FN:42,(anonymous_10)
FN:42,(anonymous_11)
FNF:4
FNH:4
FNDA:4,(anonymous_8)
FNDA:4,(anonymous_9)
FNDA:5,(anonymous_10)
FNDA:5,(anonymous_11)
DA:3,2
DA:4,2
DA:5,2
DA:7,2
DA:9,4
DA:10,4
DA:11,4
DA:15,4
DA:17,4
DA:18,4
DA:20,3
DA:21,3
DA:23,3
DA:25,3
DA:32,3
DA:37,0
DA:38,0
DA:42,5
DA:43,5
DA:44,5
DA:46,5
DA:47,5
DA:49,4
DA:50,0
DA:53,4
DA:54,4
DA:56,3
DA:58,3
DA:60,0
DA:61,0
LF:30
LH:25
BRDA:18,0,0,1
BRDA:18,0,1,3
BRDA:21,1,0,0
BRDA:21,1,1,3
BRDA:47,2,0,1
BRDA:47,2,1,4
BRDA:49,3,0,0
BRDA:49,3,1,4
BRDA:54,4,0,1
BRDA:54,4,1,3
BRF:10
BRH:8
end_of_record
TN:
SF:src\controllers\riot.controller.ts
FN:24,getLatestDDragonVersion
FN:36,getChampionIdMap
FN:60,(anonymous_12)
FN:60,(anonymous_13)
FN:69,(anonymous_14)
FN:69,(anonymous_15)
FN:101,(anonymous_16)
FN:113,(anonymous_17)
FN:113,(anonymous_18)
FN:119,(anonymous_19)
FN:168,(anonymous_20)
FN:168,(anonymous_21)
FN:180,(anonymous_22)
FNF:13
FNH:5
FNDA:0,getLatestDDragonVersion
FNDA:0,getChampionIdMap
FNDA:0,(anonymous_12)
FNDA:0,(anonymous_13)
FNDA:2,(anonymous_14)
FNDA:2,(anonymous_15)
FNDA:0,(anonymous_16)
FNDA:1,(anonymous_17)
FNDA:1,(anonymous_18)
FNDA:1,(anonymous_19)
FNDA:0,(anonymous_20)
FNDA:0,(anonymous_21)
FNDA:0,(anonymous_22)
DA:3,1
DA:5,1
DA:6,1
DA:7,0
DA:8,0
DA:16,1
DA:18,1
DA:25,0
DA:26,0
DA:27,0
DA:29,0
DA:30,0
DA:31,0
DA:32,0
DA:33,0
DA:37,0
DA:38,0
DA:40,0
DA:41,0
DA:44,0
DA:45,0
DA:49,0
DA:50,0
DA:51,0
DA:52,0
DA:53,0
DA:56,0
DA:57,0
DA:60,1
DA:61,0
DA:62,0
DA:63,0
DA:65,0
DA:69,2
DA:70,2
DA:71,2
DA:72,2
DA:73,1
DA:76,1
DA:77,1
DA:78,1
DA:79,1
DA:81,1
DA:85,1
DA:87,1
DA:88,1
DA:89,1
DA:90,1
DA:94,1
DA:95,1
DA:99,1
DA:100,1
DA:101,1
DA:103,1
DA:110,1
DA:112,1
DA:113,1
DA:114,1
DA:118,1
DA:119,1
DA:121,1
DA:143,1
DA:154,1
DA:163,0
DA:164,0
DA:168,1
DA:169,0
DA:170,0
DA:171,0
DA:173,0
DA:178,0
DA:180,0
DA:187,0
DA:189,0
DA:190,0
LF:75
LH:37
BRDA:6,0,0,0
BRDA:6,0,1,1
BRDA:26,1,0,0
BRDA:26,1,1,0
BRDA:26,2,0,0
BRDA:26,2,1,0
BRDA:40,3,0,0
BRDA:40,3,1,0
BRDA:40,4,0,0
BRDA:40,4,1,0
BRDA:40,4,2,0
BRDA:72,5,0,1
BRDA:72,5,1,1
BRDA:94,6,0,1
BRDA:94,6,1,0
BRDA:94,7,0,1
BRDA:94,7,1,1
BRDA:94,8,0,0
BRDA:94,8,1,1
BRDA:94,9,0,1
BRDA:94,9,1,1
BRDA:95,10,0,1
BRDA:95,10,1,0
BRDA:95,11,0,1
BRDA:95,11,1,1
BRDA:95,12,0,0
BRDA:95,12,1,1
BRDA:95,13,0,1
BRDA:95,13,1,1
BRDA:101,14,0,1
BRDA:101,14,1,1
BRDA:101,15,0,0
BRDA:101,15,1,1
BRDA:101,16,0,1
BRDA:101,16,1,1
BRDA:101,17,0,0
BRDA:101,17,1,1
BRDA:101,18,0,1
BRDA:101,18,1,1
BRDA:123,19,0,0
BRDA:123,19,1,1
BRDA:123,20,0,1
BRDA:123,20,1,1
BRDA:124,21,0,1
BRDA:124,21,1,0
BRDA:124,22,0,0
BRDA:124,22,1,1
BRDA:124,23,0,1
BRDA:124,23,1,1
BRDA:124,24,0,0
BRDA:124,24,1,0
BRDA:124,25,0,0
BRDA:124,25,1,0
BRDA:125,26,0,0
BRDA:125,26,1,1
BRDA:125,27,0,1
BRDA:125,27,1,1
BRDA:127,28,0,0
BRDA:127,28,1,1
BRDA:127,29,0,1
BRDA:127,29,1,1
BRDA:128,30,0,0
BRDA:128,30,1,1
BRDA:128,31,0,1
BRDA:128,31,1,1
BRDA:129,32,0,0
BRDA:129,32,1,1
BRDA:129,33,0,1
BRDA:129,33,1,1
BRDA:131,34,0,1
BRDA:131,34,1,0
BRDA:131,35,0,0
BRDA:131,35,1,1
BRDA:131,36,0,1
BRDA:131,36,1,1
BRDA:131,37,0,1
BRDA:131,37,1,0
BRDA:131,38,0,0
BRDA:131,38,1,1
BRDA:131,39,0,1
BRDA:131,39,1,1
BRDA:132,40,0,1
BRDA:132,40,1,0
BRDA:132,41,0,1
BRDA:132,41,1,1
BRDA:133,42,0,0
BRDA:133,42,1,1
BRDA:133,43,0,1
BRDA:133,43,1,1
BRDA:134,44,0,0
BRDA:134,44,1,1
BRDA:134,45,0,1
BRDA:134,45,1,1
BRDA:135,46,0,0
BRDA:135,46,1,1
BRDA:135,47,0,1
BRDA:135,47,1,1
BRDA:138,48,0,0
BRDA:138,48,1,1
BRDA:138,49,0,0
BRDA:138,49,1,0
BRDA:143,50,0,0
BRDA:143,50,1,1
BRDA:146,51,0,0
BRDA:146,51,1,0
BRDA:146,52,0,0
BRDA:146,52,1,0
BRDA:159,53,0,1
BRDA:159,53,1,0
BRDA:163,54,0,0
BRDA:163,54,1,0
BRDA:163,55,0,0
BRDA:163,55,1,0
BRDA:163,56,0,0
BRDA:163,56,1,0
BRDA:164,57,0,0
BRDA:164,57,1,0
BRDA:164,58,0,0
BRDA:164,58,1,0
BRDA:164,59,0,0
BRDA:164,59,1,0
BRDA:182,60,0,0
BRDA:182,60,1,0
BRDA:189,61,0,0
BRDA:189,61,1,0
BRDA:189,62,0,0
BRDA:189,62,1,0
BRDA:189,63,0,0
BRDA:189,63,1,0
BRDA:190,64,0,0
BRDA:190,64,1,0
BRDA:190,65,0,0
BRDA:190,65,1,0
BRDA:190,66,0,0
BRDA:190,66,1,0
BRF:135
BRH:65
end_of_record
TN:
SF:src\controllers\scrim.controller.ts
FN:9,createDiscordRoomForScrim
FN:21,(anonymous_10)
FN:21,(anonymous_11)
FN:68,(anonymous_12)
FN:68,(anonymous_13)
FN:96,(anonymous_14)
FN:96,(anonymous_15)
FN:113,(anonymous_16)
FN:126,(anonymous_17)
FN:126,(anonymous_18)
FN:170,(anonymous_19)
FN:170,(anonymous_20)
FN:180,(anonymous_21)
FN:196,(anonymous_22)
FN:196,(anonymous_23)
FN:211,(anonymous_24)
FN:213,(anonymous_25)
FN:223,(anonymous_26)
FN:238,(anonymous_27)
FN:238,(anonymous_28)
FN:253,(anonymous_29)
FN:261,(anonymous_30)
FN:276,(anonymous_31)
FN:276,(anonymous_32)
FN:292,(anonymous_33)
FNF:25
FNH:14
FNDA:2,createDiscordRoomForScrim
FNDA:1,(anonymous_10)
FNDA:1,(anonymous_11)
FNDA:0,(anonymous_12)
FNDA:0,(anonymous_13)
FNDA:1,(anonymous_14)
FNDA:1,(anonymous_15)
FNDA:0,(anonymous_16)
FNDA:2,(anonymous_17)
FNDA:2,(anonymous_18)
FNDA:0,(anonymous_19)
FNDA:0,(anonymous_20)
FNDA:0,(anonymous_21)
FNDA:0,(anonymous_22)
FNDA:0,(anonymous_23)
FNDA:0,(anonymous_24)
FNDA:0,(anonymous_25)
FNDA:0,(anonymous_26)
FNDA:1,(anonymous_27)
FNDA:1,(anonymous_28)
FNDA:3,(anonymous_29)
FNDA:1,(anonymous_30)
FNDA:1,(anonymous_31)
FNDA:1,(anonymous_32)
FNDA:1,(anonymous_33)
DA:3,2
DA:4,2
DA:5,2
DA:7,2
DA:12,2
DA:13,2
DA:14,2
DA:15,2
DA:17,0
DA:21,2
DA:22,1
DA:23,1
DA:24,1
DA:26,1
DA:41,1
DA:42,1
DA:43,1
DA:45,0
DA:47,1
DA:48,0
DA:53,1
DA:62,1
DA:64,0
DA:68,2
DA:69,0
DA:70,0
DA:77,0
DA:79,0
DA:80,0
DA:81,0
DA:82,0
DA:83,0
DA:85,0
DA:90,0
DA:92,0
DA:96,2
DA:97,1
DA:98,1
DA:99,1
DA:100,1
DA:102,1
DA:103,1
DA:104,0
DA:108,1
DA:109,1
DA:110,1
DA:111,0
DA:113,1
DA:114,0
DA:117,1
DA:118,1
DA:120,1
DA:122,0
DA:126,2
DA:127,2
DA:128,2
DA:129,2
DA:130,2
DA:131,2
DA:134,2
DA:135,2
DA:137,2
DA:138,2
DA:140,2
DA:141,0
DA:144,2
DA:145,2
DA:147,2
DA:148,2
DA:149,2
DA:150,2
DA:152,2
DA:153,2
DA:154,2
DA:155,2
DA:157,0
DA:158,0
DA:160,0
DA:163,2
DA:164,2
DA:166,0
DA:170,2
DA:171,0
DA:172,0
DA:173,0
DA:175,0
DA:176,0
DA:177,0
DA:180,0
DA:182,0
DA:190,0
DA:192,0
DA:196,2
DA:197,0
DA:198,0
DA:199,0
DA:201,0
DA:203,0
DA:208,0
DA:210,0
DA:211,0
DA:213,0
DA:214,0
DA:217,0
DA:218,0
DA:220,0
DA:221,0
DA:223,0
DA:224,0
DA:225,0
DA:228,0
DA:229,0
DA:232,0
DA:234,0
DA:238,2
DA:239,1
DA:240,1
DA:241,1
DA:243,1
DA:244,1
DA:246,1
DA:251,1
DA:253,1
DA:254,3
DA:257,1
DA:258,1
DA:259,1
DA:260,1
DA:261,1
DA:264,1
DA:265,0
DA:268,1
DA:270,0
DA:276,2
DA:277,1
DA:278,1
DA:279,1
DA:280,1
DA:282,1
DA:283,1
DA:285,1
DA:286,1
DA:288,1
DA:289,0
DA:292,1
DA:293,1
DA:295,0
LF:147
LH:88
BRDA:7,0,0,2
BRDA:7,0,1,1
BRDA:15,1,0,0
BRDA:15,1,1,2
BRDA:15,2,0,2
BRDA:15,2,1,2
BRDA:24,3,0,0
BRDA:24,3,1,1
BRDA:42,4,0,1
BRDA:42,4,1,0
BRDA:47,5,0,0
BRDA:47,5,1,1
BRDA:79,6,0,0
BRDA:79,6,1,0
BRDA:79,7,0,0
BRDA:79,7,1,0
BRDA:80,8,0,0
BRDA:80,8,1,0
BRDA:81,9,0,0
BRDA:81,9,1,0
BRDA:82,10,0,0
BRDA:82,10,1,0
BRDA:83,11,0,0
BRDA:83,11,1,0
BRDA:100,12,0,0
BRDA:100,12,1,1
BRDA:103,13,0,0
BRDA:103,13,1,1
BRDA:109,14,0,0
BRDA:109,14,1,1
BRDA:110,15,0,0
BRDA:110,15,1,1
BRDA:113,16,0,0
BRDA:113,16,1,1
BRDA:113,17,0,0
BRDA:113,17,1,0
BRDA:113,18,0,0
BRDA:113,18,1,0
BRDA:131,19,0,0
BRDA:131,19,1,2
BRDA:135,20,0,0
BRDA:135,20,1,2
BRDA:138,21,0,0
BRDA:138,21,1,2
BRDA:140,22,0,0
BRDA:140,22,1,2
BRDA:140,23,0,0
BRDA:140,23,1,2
BRDA:140,24,0,2
BRDA:140,24,1,2
BRDA:145,25,0,0
BRDA:145,25,1,2
BRDA:147,26,0,2
BRDA:147,26,1,0
BRDA:152,27,0,2
BRDA:152,27,1,0
BRDA:154,28,0,2
BRDA:154,28,1,0
BRDA:155,29,0,2
BRDA:155,29,1,0
BRDA:157,30,0,0
BRDA:157,30,1,0
BRDA:173,31,0,0
BRDA:173,31,1,0
BRDA:176,32,0,0
BRDA:176,32,1,0
BRDA:199,33,0,0
BRDA:199,33,1,0
BRDA:208,34,0,0
BRDA:208,34,1,0
BRDA:214,35,0,0
BRDA:214,35,1,0
BRDA:214,35,2,0
BRDA:214,35,3,0
BRDA:215,36,0,0
BRDA:215,36,1,0
BRDA:215,37,0,0
BRDA:215,37,1,0
BRDA:215,38,0,0
BRDA:215,38,1,0
BRDA:220,39,0,0
BRDA:220,39,1,0
BRDA:221,40,0,0
BRDA:221,40,1,0
BRDA:223,41,0,0
BRDA:223,41,1,0
BRDA:225,42,0,0
BRDA:225,42,1,0
BRDA:225,42,2,0
BRDA:228,43,0,0
BRDA:228,43,1,0
BRDA:228,44,0,0
BRDA:228,44,1,0
BRDA:228,44,2,0
BRDA:241,45,0,0
BRDA:241,45,1,1
BRDA:244,46,0,0
BRDA:244,46,1,1
BRDA:251,47,0,0
BRDA:251,47,1,1
BRDA:254,48,0,3
BRDA:254,48,1,3
BRDA:254,48,2,3
BRDA:254,48,3,0
BRDA:255,49,0,0
BRDA:255,49,1,0
BRDA:255,50,0,0
BRDA:255,50,1,0
BRDA:255,51,0,0
BRDA:255,51,1,0
BRDA:260,52,0,1
BRDA:260,52,1,0
BRDA:261,53,0,1
BRDA:261,53,1,1
BRDA:264,54,0,0
BRDA:264,54,1,1
BRDA:264,55,0,1
BRDA:264,55,1,0
BRDA:264,55,2,0
BRDA:268,56,0,1
BRDA:268,56,1,0
BRDA:280,57,0,0
BRDA:280,57,1,1
BRDA:283,58,0,0
BRDA:283,58,1,1
BRDA:286,59,0,0
BRDA:286,59,1,1
BRDA:288,60,0,0
BRDA:288,60,1,1
BRDA:288,61,0,0
BRDA:288,61,1,1
BRDA:288,62,0,1
BRDA:288,62,1,1
BRDA:292,63,0,1
BRDA:292,63,1,0
BRF:135
BRH:45
end_of_record
TN:
SF:src\controllers\team.controller.ts
FN:7,(anonymous_8)
FN:7,(anonymous_9)
FN:26,(anonymous_10)
FN:26,(anonymous_11)
FN:58,(anonymous_12)
FN:58,(anonymous_13)
FN:74,(anonymous_14)
FN:89,(anonymous_15)
FN:89,(anonymous_16)
FN:100,(anonymous_17)
FN:109,(anonymous_18)
FN:119,(anonymous_19)
FN:129,(anonymous_20)
FN:129,(anonymous_21)
FN:145,(anonymous_22)
FN:145,(anonymous_23)
FN:159,(anonymous_24)
FN:159,(anonymous_25)
FN:176,(anonymous_26)
FN:180,(anonymous_27)
FN:194,(anonymous_28)
FN:194,(anonymous_29)
FN:214,(anonymous_30)
FN:214,(anonymous_31)
FN:227,(anonymous_32)
FN:234,(anonymous_33)
FN:244,(anonymous_34)
FN:244,(anonymous_35)
FN:257,(anonymous_36)
FN:263,(anonymous_37)
FNF:30
FNH:13
FNDA:3,(anonymous_8)
FNDA:3,(anonymous_9)
FNDA:1,(anonymous_10)
FNDA:1,(anonymous_11)
FNDA:0,(anonymous_12)
FNDA:0,(anonymous_13)
FNDA:0,(anonymous_14)
FNDA:0,(anonymous_15)
FNDA:0,(anonymous_16)
FNDA:0,(anonymous_17)
FNDA:0,(anonymous_18)
FNDA:0,(anonymous_19)
FNDA:0,(anonymous_20)
FNDA:0,(anonymous_21)
FNDA:0,(anonymous_22)
FNDA:0,(anonymous_23)
FNDA:2,(anonymous_24)
FNDA:2,(anonymous_25)
FNDA:1,(anonymous_26)
FNDA:0,(anonymous_27)
FNDA:1,(anonymous_28)
FNDA:1,(anonymous_29)
FNDA:1,(anonymous_30)
FNDA:1,(anonymous_31)
FNDA:1,(anonymous_32)
FNDA:1,(anonymous_33)
FNDA:0,(anonymous_34)
FNDA:0,(anonymous_35)
FNDA:0,(anonymous_36)
FNDA:0,(anonymous_37)
DA:3,2
DA:4,2
DA:5,2
DA:7,3
DA:8,3
DA:9,3
DA:10,3
DA:12,3
DA:14,2
DA:15,2
DA:17,1
DA:18,1
DA:20,1
DA:22,0
DA:26,2
DA:27,1
DA:28,1
DA:29,1
DA:31,1
DA:32,1
DA:34,1
DA:35,0
DA:38,1
DA:39,1
DA:41,1
DA:42,1
DA:44,1
DA:45,0
DA:50,1
DA:51,1
DA:53,0
DA:54,0
DA:58,2
DA:59,0
DA:60,0
DA:61,0
DA:62,0
DA:64,0
DA:65,0
DA:67,0
DA:68,0
DA:70,0
DA:71,0
DA:74,0
DA:75,0
DA:80,0
DA:81,0
DA:83,0
DA:85,0
DA:89,2
DA:90,0
DA:91,0
DA:92,0
DA:94,0
DA:95,0
DA:97,0
DA:98,0
DA:100,0
DA:101,0
DA:102,0
DA:105,0
DA:107,0
DA:108,0
DA:109,0
DA:110,0
DA:111,0
DA:112,0
DA:113,0
DA:115,0
DA:116,0
DA:119,0
DA:120,0
DA:121,0
DA:124,0
DA:125,0
DA:129,2
DA:130,0
DA:131,0
DA:132,0
DA:133,0
DA:135,0
DA:139,0
DA:141,0
DA:145,2
DA:146,0
DA:147,0
DA:148,0
DA:152,0
DA:153,0
DA:155,0
DA:159,2
DA:160,2
DA:161,2
DA:162,2
DA:164,2
DA:165,0
DA:168,2
DA:169,2
DA:171,1
DA:173,1
DA:174,1
DA:176,1
DA:177,0
DA:180,1
DA:181,0
DA:184,1
DA:185,1
DA:187,1
DA:189,0
DA:190,0
DA:194,2
DA:195,1
DA:196,1
DA:197,1
DA:199,1
DA:200,1
DA:202,1
DA:207,1
DA:209,0
DA:210,0
DA:214,2
DA:215,1
DA:216,1
DA:217,1
DA:219,1
DA:221,1
DA:222,1
DA:224,1
DA:225,1
DA:227,1
DA:228,1
DA:229,0
DA:232,1
DA:233,1
DA:234,1
DA:236,1
DA:238,1
DA:240,0
DA:244,2
DA:245,0
DA:246,0
DA:247,0
DA:249,0
DA:251,0
DA:252,0
DA:254,0
DA:255,0
DA:257,0
DA:258,0
DA:259,0
DA:262,0
DA:263,0
DA:265,0
DA:267,0
DA:269,0
LF:155
LH:71
BRDA:12,0,0,1
BRDA:12,0,1,2
BRDA:15,1,0,1
BRDA:15,1,1,1
BRDA:31,2,0,0
BRDA:31,2,1,1
BRDA:34,3,0,0
BRDA:34,3,1,1
BRDA:39,4,0,0
BRDA:39,4,1,1
BRDA:42,5,0,1
BRDA:42,5,1,1
BRDA:44,6,0,0
BRDA:44,6,1,1
BRDA:44,7,0,1
BRDA:44,7,1,1
BRDA:64,8,0,0
BRDA:64,8,1,0
BRDA:68,9,0,0
BRDA:68,9,1,0
BRDA:70,10,0,0
BRDA:70,10,1,0
BRDA:74,11,0,0
BRDA:74,11,1,0
BRDA:94,12,0,0
BRDA:94,12,1,0
BRDA:98,13,0,0
BRDA:98,13,1,0
BRDA:101,14,0,0
BRDA:101,14,1,0
BRDA:107,15,0,0
BRDA:107,15,1,0
BRDA:108,16,0,0
BRDA:108,16,1,0
BRDA:132,17,0,0
BRDA:132,17,1,0
BRDA:152,18,0,0
BRDA:152,18,1,0
BRDA:164,19,0,0
BRDA:164,19,1,2
BRDA:164,20,0,2
BRDA:164,20,1,2
BRDA:164,20,2,2
BRDA:169,21,0,1
BRDA:169,21,1,1
BRDA:174,22,0,0
BRDA:174,22,1,1
BRDA:176,23,0,0
BRDA:176,23,1,1
BRDA:180,24,0,0
BRDA:180,24,1,1
BRDA:197,25,0,0
BRDA:197,25,1,1
BRDA:219,26,0,0
BRDA:219,26,1,1
BRDA:225,27,0,0
BRDA:225,27,1,1
BRDA:228,28,0,0
BRDA:228,28,1,1
BRDA:249,29,0,0
BRDA:249,29,1,0
BRDA:255,30,0,0
BRDA:255,30,1,0
BRDA:258,31,0,0
BRDA:258,31,1,0
BRF:65
BRH:25
end_of_record
TN:
SF:src\controllers\user.controller.ts
FN:5,(anonymous_8)
FN:5,(anonymous_9)
FN:18,(anonymous_10)
FN:18,(anonymous_11)
FN:58,(anonymous_12)
FN:58,(anonymous_13)
FN:75,(anonymous_14)
FN:75,(anonymous_15)
FNF:8
FNH:8
FNDA:5,(anonymous_8)
FNDA:5,(anonymous_9)
FNDA:3,(anonymous_10)
FNDA:3,(anonymous_11)
FNDA:1,(anonymous_12)
FNDA:1,(anonymous_13)
FNDA:1,(anonymous_14)
FNDA:1,(anonymous_15)
DA:2,3
DA:5,5
DA:6,5
DA:7,5
DA:8,4
DA:9,1
DA:11,3
DA:13,1
DA:14,1
DA:18,3
DA:19,3
DA:31,3
DA:33,3
DA:34,3
DA:51,2
DA:53,1
DA:54,1
DA:58,3
DA:59,1
DA:60,1
DA:63,1
DA:65,1
DA:66,1
DA:68,0
DA:70,0
DA:71,0
DA:75,3
DA:76,1
DA:77,1
DA:80,1
DA:82,1
DA:83,1
DA:85,1
DA:87,0
DA:88,0
LF:35
LH:30
BRDA:8,0,0,1
BRDA:8,0,1,3
BRDA:66,1,0,1
BRDA:66,1,1,0
BRDA:83,2,0,0
BRDA:83,2,1,1
BRF:6
BRH:4
end_of_record
TN:
SF:src\middleware\auth.middleware.ts
FN:13,(anonymous_1)
FNF:1
FNH:1
FNDA:14,(anonymous_1)
DA:3,2
DA:5,2
DA:13,2
DA:14,14
DA:16,14
DA:17,2
DA:20,12
DA:22,12
DA:23,12
DA:24,11
DA:25,11
DA:26,11
DA:28,1
LF:13
LH:13
BRDA:16,0,0,2
BRDA:16,0,1,12
BRDA:16,1,0,14
BRDA:16,1,1,13
BRDA:24,2,0,11
BRDA:24,2,1,0
BRDA:24,2,2,0
BRDA:25,3,0,0
BRDA:25,3,1,11
BRF:9
BRH:6
end_of_record
TN:
SF:src\middleware\authorization.ts
FN:6,requireTeamMember
FN:7,(anonymous_9)
FN:7,(anonymous_10)
FN:34,(anonymous_11)
FNF:4
FNH:4
FNDA:1,requireTeamMember
FNDA:1,(anonymous_9)
FNDA:1,(anonymous_10)
FNDA:1,(anonymous_11)
DA:3,1
DA:4,1
DA:6,1
DA:7,1
DA:8,1
DA:9,1
DA:10,1
DA:11,0
DA:15,1
DA:19,1
DA:21,1
DA:22,0
DA:25,1
DA:26,0
DA:29,1
DA:30,1
DA:31,0
DA:34,1
DA:35,1
DA:36,0
DA:39,1
DA:41,0
DA:42,0
LF:23
LH:16
BRDA:10,0,0,0
BRDA:10,0,1,1
BRDA:15,1,0,1
BRDA:15,1,1,0
BRDA:15,2,0,1
BRDA:15,2,1,1
BRDA:15,3,0,1
BRDA:15,3,1,0
BRDA:15,4,0,1
BRDA:15,4,1,1
BRDA:15,5,0,1
BRDA:15,5,1,1
BRDA:16,6,0,0
BRDA:16,6,1,0
BRDA:17,7,0,0
BRDA:17,7,1,0
BRDA:19,8,0,1
BRDA:19,8,1,0
BRDA:21,9,0,0
BRDA:21,9,1,1
BRDA:25,10,0,0
BRDA:25,10,1,1
BRDA:30,11,0,0
BRDA:30,11,1,1
BRDA:35,12,0,0
BRDA:35,12,1,1
BRF:26
BRH:14
end_of_record
TN:
SF:src\middleware\validate.ts
FN:5,(anonymous_0)
FN:6,(anonymous_1)
FN:9,(anonymous_2)
FNF:3
FNH:3
FNDA:6,(anonymous_0)
FNDA:13,(anonymous_1)
FNDA:7,(anonymous_2)
DA:5,3
DA:6,6
DA:7,13
DA:8,13
DA:9,7
DA:10,3
DA:12,10
DA:13,10
LF:8
LH:8
BRDA:8,0,0,3
BRDA:8,0,1,10
BRF:2
BRH:2
end_of_record
TN:
SF:src\models\scrim.model.ts
FNF:0
FNH:0
DA:1,2
DA:3,2
DA:9,2
DA:33,2
LF:4
LH:4
BRF:0
BRH:0
end_of_record
TN:
SF:src\models\team.model.ts
FNF:0
FNH:0
DA:1,3
DA:3,3
DA:11,3
LF:3
LH:3
BRF:0
BRH:0
end_of_record
TN:
SF:src\models\user.model.ts
FN:49,(anonymous_9)
FN:90,(anonymous_10)
FNF:2
FNH:2
FNDA:2,(anonymous_9)
FNDA:4,(anonymous_10)
DA:1,5
DA:34,5
DA:50,2
DA:89,5
DA:91,4
DA:92,4
DA:93,4
DA:94,4
DA:98,5
LF:9
LH:9
BRF:0
BRH:0
end_of_record
TN:
SF:src\routes\auth.routes.ts
FNF:0
FNH:0
DA:1,2
DA:2,2
DA:3,2
DA:4,2
DA:6,2
DA:8,2
DA:9,2
DA:11,2
LF:8
LH:8
BRF:0
BRH:0
end_of_record
TN:
SF:src\routes\scrim.routes.ts
FNF:0
FNH:0
DA:1,1
DA:2,1
DA:3,1
DA:5,1
DA:6,1
DA:7,1
DA:9,1
DA:11,1
DA:13,1
DA:15,1
DA:23,1
DA:25,1
DA:27,1
DA:28,1
DA:30,1
DA:32,1
LF:16
LH:16
BRF:0
BRH:0
end_of_record
TN:
SF:src\routes\team.routes.ts
FNF:0
FNH:0
DA:1,1
DA:2,1
DA:3,1
DA:16,1
DA:18,1
DA:19,1
DA:20,1
DA:21,1
DA:23,1
DA:25,1
DA:26,1
DA:27,1
DA:28,1
DA:30,1
DA:32,1
LF:15
LH:15
BRF:0
BRH:0
end_of_record
TN:
SF:src\routes\user.routes.ts
FNF:0
FNH:0
DA:1,2
DA:2,2
DA:3,2
DA:10,2
DA:12,2
DA:13,2
DA:15,2
DA:17,2
DA:19,2
LF:9
LH:9
BRF:0
BRH:0
end_of_record
TN:
SF:src\validation\auth.schema.ts
FN:29,(anonymous_0)
FNF:1
FNH:1
FNDA:10,(anonymous_0)
DA:1,2
DA:3,2
DA:21,2
DA:23,2
DA:30,10
DA:31,10
DA:32,9
DA:33,9
DA:36,2
DA:42,2
LF:10
LH:10
BRDA:31,0,0,1
BRDA:31,0,1,9
BRF:2
BRH:2
end_of_record
TN:
SF:src\validation\scrim.schema.ts
FN:8,(anonymous_1)
FNF:1
FNH:1
FNDA:1,(anonymous_1)
DA:1,1
DA:2,1
DA:4,1
DA:8,1
LF:4
LH:4
BRF:0
BRH:0
end_of_record
TN:
SF:tests\utils\mockExpress.ts
FN:3,(anonymous_0)
FN:11,(anonymous_1)
FN:21,(anonymous_2)
FNF:3
FNH:2
FNDA:2,(anonymous_0)
FNDA:2,(anonymous_1)
FNDA:0,(anonymous_2)
DA:3,1
DA:4,2
DA:5,2
DA:6,2
DA:7,2
DA:8,2
DA:11,1
DA:12,2
DA:21,1
LF:9
LH:9
BRDA:11,0,0,0
BRF:1
BRH:0
end_of_record
